CRITICAL - 2022-04-08 04:08:27 --> Class "App\Controllers\CURLFILE" not found
#0 C:\xampp\htdocs\FAH\system\CodeIgniter.php(824): App\Controllers\UserHome->upload_doc()
#1 C:\xampp\htdocs\FAH\system\CodeIgniter.php(410): CodeIgniter\CodeIgniter->runController(Object(App\Controllers\UserHome))
#2 C:\xampp\htdocs\FAH\system\CodeIgniter.php(318): CodeIgniter\CodeIgniter->handleRequest(NULL, Object(Config\Cache), false)
#3 C:\xampp\htdocs\FAH\index.php(37): CodeIgniter\CodeIgniter->run()
#4 {main}
CRITICAL - 2022-04-08 04:16:16 --> Undefined array key "uploaded_file"
#0 C:\xampp\htdocs\FAH\app\Controllers\UserHome.php(262): CodeIgniter\Debug\Exceptions->errorHandler(2, 'Undefined array...', 'C:\\xampp\\htdocs...', 262)
#1 C:\xampp\htdocs\FAH\system\CodeIgniter.php(824): App\Controllers\UserHome->upload_doc()
#2 C:\xampp\htdocs\FAH\system\CodeIgniter.php(410): CodeIgniter\CodeIgniter->runController(Object(App\Controllers\UserHome))
#3 C:\xampp\htdocs\FAH\system\CodeIgniter.php(318): CodeIgniter\CodeIgniter->handleRequest(NULL, Object(Config\Cache), false)
#4 C:\xampp\htdocs\FAH\index.php(37): CodeIgniter\CodeIgniter->run()
#5 {main}
CRITICAL - 2022-04-08 04:19:57 --> Undefined array key "uploaded_file"
#0 C:\xampp\htdocs\FAH\app\Controllers\UserHome.php(262): CodeIgniter\Debug\Exceptions->errorHandler(2, 'Undefined array...', 'C:\\xampp\\htdocs...', 262)
#1 C:\xampp\htdocs\FAH\system\CodeIgniter.php(824): App\Controllers\UserHome->upload_doc()
#2 C:\xampp\htdocs\FAH\system\CodeIgniter.php(410): CodeIgniter\CodeIgniter->runController(Object(App\Controllers\UserHome))
#3 C:\xampp\htdocs\FAH\system\CodeIgniter.php(318): CodeIgniter\CodeIgniter->handleRequest(NULL, Object(Config\Cache), false)
#4 C:\xampp\htdocs\FAH\index.php(37): CodeIgniter\CodeIgniter->run()
#5 {main}
CRITICAL - 2022-04-08 04:20:43 --> Trying to access array offset on value of type bool
#0 C:\xampp\htdocs\FAH\app\Controllers\UserHome.php(191): CodeIgniter\Debug\Exceptions->errorHandler(2, 'Trying to acces...', 'C:\\xampp\\htdocs...', 191)
#1 C:\xampp\htdocs\FAH\system\CodeIgniter.php(824): App\Controllers\UserHome->user_home()
#2 C:\xampp\htdocs\FAH\system\CodeIgniter.php(410): CodeIgniter\CodeIgniter->runController(Object(App\Controllers\UserHome))
#3 C:\xampp\htdocs\FAH\system\CodeIgniter.php(318): CodeIgniter\CodeIgniter->handleRequest(NULL, Object(Config\Cache), false)
#4 C:\xampp\htdocs\FAH\index.php(37): CodeIgniter\CodeIgniter->run()
#5 {main}
CRITICAL - 2022-04-08 04:27:20 --> Path cannot be empty
#0 C:\xampp\htdocs\FAH\app\Controllers\UserHome.php(274): curl_setopt(Object(CurlHandle), 10015, Array)
#1 C:\xampp\htdocs\FAH\system\CodeIgniter.php(824): App\Controllers\UserHome->upload_doc()
#2 C:\xampp\htdocs\FAH\system\CodeIgniter.php(410): CodeIgniter\CodeIgniter->runController(Object(App\Controllers\UserHome))
#3 C:\xampp\htdocs\FAH\system\CodeIgniter.php(318): CodeIgniter\CodeIgniter->handleRequest(NULL, Object(Config\Cache), false)
#4 C:\xampp\htdocs\FAH\index.php(37): CodeIgniter\CodeIgniter->run()
#5 {main}
CRITICAL - 2022-04-08 04:30:45 --> Undefined array key "data"
#0 C:\xampp\htdocs\FAH\app\Controllers\UserHome.php(279): CodeIgniter\Debug\Exceptions->errorHandler(2, 'Undefined array...', 'C:\\xampp\\htdocs...', 279)
#1 C:\xampp\htdocs\FAH\system\CodeIgniter.php(824): App\Controllers\UserHome->upload_doc()
#2 C:\xampp\htdocs\FAH\system\CodeIgniter.php(410): CodeIgniter\CodeIgniter->runController(Object(App\Controllers\UserHome))
#3 C:\xampp\htdocs\FAH\system\CodeIgniter.php(318): CodeIgniter\CodeIgniter->handleRequest(NULL, Object(Config\Cache), false)
#4 C:\xampp\htdocs\FAH\index.php(37): CodeIgniter\CodeIgniter->run()
#5 {main}
CRITICAL - 2022-04-08 04:49:53 --> Array to string conversion
#0 [internal function]: CodeIgniter\Debug\Exceptions->errorHandler(2, 'Array to string...', 'C:\\xampp\\htdocs...', 271)
#1 C:\xampp\htdocs\FAH\app\Controllers\UserHome.php(271): curl_setopt(Object(CurlHandle), 10015, Array)
#2 C:\xampp\htdocs\FAH\system\CodeIgniter.php(824): App\Controllers\UserHome->upload_doc()
#3 C:\xampp\htdocs\FAH\system\CodeIgniter.php(410): CodeIgniter\CodeIgniter->runController(Object(App\Controllers\UserHome))
#4 C:\xampp\htdocs\FAH\system\CodeIgniter.php(318): CodeIgniter\CodeIgniter->handleRequest(NULL, Object(Config\Cache), false)
#5 C:\xampp\htdocs\FAH\index.php(37): CodeIgniter\CodeIgniter->run()
#6 {main}
CRITICAL - 2022-04-08 05:47:25 --> Cannot access offset of type string on string
#0 C:\xampp\htdocs\FAH\system\CodeIgniter.php(824): App\Controllers\UserHome->upload_doc()
#1 C:\xampp\htdocs\FAH\system\CodeIgniter.php(410): CodeIgniter\CodeIgniter->runController(Object(App\Controllers\UserHome))
#2 C:\xampp\htdocs\FAH\system\CodeIgniter.php(318): CodeIgniter\CodeIgniter->handleRequest(NULL, Object(Config\Cache), false)
#3 C:\xampp\htdocs\FAH\index.php(37): CodeIgniter\CodeIgniter->run()
#4 {main}
CRITICAL - 2022-04-08 05:51:37 --> Array to string conversion
#0 [internal function]: CodeIgniter\Debug\Exceptions->errorHandler(2, 'Array to string...', 'C:\\xampp\\htdocs...', 299)
#1 C:\xampp\htdocs\FAH\app\Controllers\UserHome.php(299): curl_setopt(Object(CurlHandle), 10015, Array)
#2 C:\xampp\htdocs\FAH\system\CodeIgniter.php(824): App\Controllers\UserHome->upload_doc()
#3 C:\xampp\htdocs\FAH\system\CodeIgniter.php(410): CodeIgniter\CodeIgniter->runController(Object(App\Controllers\UserHome))
#4 C:\xampp\htdocs\FAH\system\CodeIgniter.php(318): CodeIgniter\CodeIgniter->handleRequest(NULL, Object(Config\Cache), false)
#5 C:\xampp\htdocs\FAH\index.php(37): CodeIgniter\CodeIgniter->run()
#6 {main}
CRITICAL - 2022-04-08 05:58:10 --> Undefined array key "tmp_name"
#0 C:\xampp\htdocs\FAH\app\Controllers\UserHome.php(287): CodeIgniter\Debug\Exceptions->errorHandler(2, 'Undefined array...', 'C:\\xampp\\htdocs...', 287)
#1 C:\xampp\htdocs\FAH\system\CodeIgniter.php(824): App\Controllers\UserHome->upload_doc()
#2 C:\xampp\htdocs\FAH\system\CodeIgniter.php(410): CodeIgniter\CodeIgniter->runController(Object(App\Controllers\UserHome))
#3 C:\xampp\htdocs\FAH\system\CodeIgniter.php(318): CodeIgniter\CodeIgniter->handleRequest(NULL, Object(Config\Cache), false)
#4 C:\xampp\htdocs\FAH\index.php(37): CodeIgniter\CodeIgniter->run()
#5 {main}
CRITICAL - 2022-04-08 07:01:28 --> Undefined variable $ven_update_data_final
#0 C:\xampp\htdocs\FAH\app\Controllers\UserHome.php(239): CodeIgniter\Debug\Exceptions->errorHandler(2, 'Undefined varia...', 'C:\\xampp\\htdocs...', 239)
#1 C:\xampp\htdocs\FAH\system\CodeIgniter.php(824): App\Controllers\UserHome->poropose_new_price()
#2 C:\xampp\htdocs\FAH\system\CodeIgniter.php(410): CodeIgniter\CodeIgniter->runController(Object(App\Controllers\UserHome))
#3 C:\xampp\htdocs\FAH\system\CodeIgniter.php(318): CodeIgniter\CodeIgniter->handleRequest(NULL, Object(Config\Cache), false)
#4 C:\xampp\htdocs\FAH\index.php(37): CodeIgniter\CodeIgniter->run()
#5 {main}
CRITICAL - 2022-04-08 07:02:16 --> Undefined variable $ven_update_data_final
#0 C:\xampp\htdocs\FAH\app\Controllers\UserHome.php(247): CodeIgniter\Debug\Exceptions->errorHandler(2, 'Undefined varia...', 'C:\\xampp\\htdocs...', 247)
#1 C:\xampp\htdocs\FAH\system\CodeIgniter.php(824): App\Controllers\UserHome->poropose_new_price()
#2 C:\xampp\htdocs\FAH\system\CodeIgniter.php(410): CodeIgniter\CodeIgniter->runController(Object(App\Controllers\UserHome))
#3 C:\xampp\htdocs\FAH\system\CodeIgniter.php(318): CodeIgniter\CodeIgniter->handleRequest(NULL, Object(Config\Cache), false)
#4 C:\xampp\htdocs\FAH\index.php(37): CodeIgniter\CodeIgniter->run()
#5 {main}
