CRITICAL - 2022-05-10 00:41:10 --> Undefined variable $decoded
#0 C:\xampp\htdocs\FAH\app\Controllers\FahAPI.php(122): CodeIgniter\Debug\Exceptions->errorHandler(2, 'Undefined varia...', 'C:\\xampp\\htdocs...', 122)
#1 C:\xampp\htdocs\FAH\system\CodeIgniter.php(824): App\Controllers\FahAPI->view('65')
#2 C:\xampp\htdocs\FAH\system\CodeIgniter.php(410): CodeIgniter\CodeIgniter->runController(Object(App\Controllers\FahAPI))
#3 C:\xampp\htdocs\FAH\system\CodeIgniter.php(318): CodeIgniter\CodeIgniter->handleRequest(NULL, Object(Config\Cache), false)
#4 C:\xampp\htdocs\FAH\index.php(37): CodeIgniter\CodeIgniter->run()
#5 {main}
CRITICAL - 2022-05-10 00:43:28 --> Object of class CodeIgniter\Database\MySQLi\Result could not be converted to string
#0 C:\xampp\htdocs\FAH\app\Controllers\FahAPI.php(124): App\Models\APIModel->viewUser('13')
#1 C:\xampp\htdocs\FAH\system\CodeIgniter.php(824): App\Controllers\FahAPI->view('13')
#2 C:\xampp\htdocs\FAH\system\CodeIgniter.php(410): CodeIgniter\CodeIgniter->runController(Object(App\Controllers\FahAPI))
#3 C:\xampp\htdocs\FAH\system\CodeIgniter.php(318): CodeIgniter\CodeIgniter->handleRequest(NULL, Object(Config\Cache), false)
#4 C:\xampp\htdocs\FAH\index.php(37): CodeIgniter\CodeIgniter->run()
#5 {main}
CRITICAL - 2022-05-10 00:49:20 --> Call to undefined method CodeIgniter\Database\MySQLi\Result::getResultArra()
#0 C:\xampp\htdocs\FAH\app\Controllers\FahAPI.php(124): App\Models\APIModel->viewUser('13')
#1 C:\xampp\htdocs\FAH\system\CodeIgniter.php(824): App\Controllers\FahAPI->view('13')
#2 C:\xampp\htdocs\FAH\system\CodeIgniter.php(410): CodeIgniter\CodeIgniter->runController(Object(App\Controllers\FahAPI))
#3 C:\xampp\htdocs\FAH\system\CodeIgniter.php(318): CodeIgniter\CodeIgniter->handleRequest(NULL, Object(Config\Cache), false)
#4 C:\xampp\htdocs\FAH\index.php(37): CodeIgniter\CodeIgniter->run()
#5 {main}
CRITICAL - 2022-05-10 00:51:17 --> Array to string conversion
#0 C:\xampp\htdocs\FAH\app\Controllers\FahAPI.php(125): CodeIgniter\Debug\Exceptions->errorHandler(2, 'Array to string...', 'C:\\xampp\\htdocs...', 125)
#1 C:\xampp\htdocs\FAH\system\CodeIgniter.php(824): App\Controllers\FahAPI->view('13')
#2 C:\xampp\htdocs\FAH\system\CodeIgniter.php(410): CodeIgniter\CodeIgniter->runController(Object(App\Controllers\FahAPI))
#3 C:\xampp\htdocs\FAH\system\CodeIgniter.php(318): CodeIgniter\CodeIgniter->handleRequest(NULL, Object(Config\Cache), false)
#4 C:\xampp\htdocs\FAH\index.php(37): CodeIgniter\CodeIgniter->run()
#5 {main}
CRITICAL - 2022-05-10 00:51:30 --> Undefined array key "UID"
#0 C:\xampp\htdocs\FAH\app\Controllers\FahAPI.php(125): CodeIgniter\Debug\Exceptions->errorHandler(2, 'Undefined array...', 'C:\\xampp\\htdocs...', 125)
#1 C:\xampp\htdocs\FAH\system\CodeIgniter.php(824): App\Controllers\FahAPI->view('13')
#2 C:\xampp\htdocs\FAH\system\CodeIgniter.php(410): CodeIgniter\CodeIgniter->runController(Object(App\Controllers\FahAPI))
#3 C:\xampp\htdocs\FAH\system\CodeIgniter.php(318): CodeIgniter\CodeIgniter->handleRequest(NULL, Object(Config\Cache), false)
#4 C:\xampp\htdocs\FAH\index.php(37): CodeIgniter\CodeIgniter->run()
#5 {main}
CRITICAL - 2022-05-10 01:01:53 --> Undefined array key "email"
#0 C:\xampp\htdocs\FAH\app\Controllers\FahAPI.php(127): CodeIgniter\Debug\Exceptions->errorHandler(2, 'Undefined array...', 'C:\\xampp\\htdocs...', 127)
#1 C:\xampp\htdocs\FAH\system\CodeIgniter.php(824): App\Controllers\FahAPI->view('13')
#2 C:\xampp\htdocs\FAH\system\CodeIgniter.php(410): CodeIgniter\CodeIgniter->runController(Object(App\Controllers\FahAPI))
#3 C:\xampp\htdocs\FAH\system\CodeIgniter.php(318): CodeIgniter\CodeIgniter->handleRequest(NULL, Object(Config\Cache), false)
#4 C:\xampp\htdocs\FAH\index.php(37): CodeIgniter\CodeIgniter->run()
#5 {main}
CRITICAL - 2022-05-10 01:08:55 --> Expired token
#0 C:\xampp\htdocs\FAH\app\Controllers\FahAPI.php(121): Firebase\JWT\JWT::decode('eyJ0eXAiOiJKV1Q...', 'mahek', Array)
#1 C:\xampp\htdocs\FAH\system\CodeIgniter.php(824): App\Controllers\FahAPI->view('all')
#2 C:\xampp\htdocs\FAH\system\CodeIgniter.php(410): CodeIgniter\CodeIgniter->runController(Object(App\Controllers\FahAPI))
#3 C:\xampp\htdocs\FAH\system\CodeIgniter.php(318): CodeIgniter\CodeIgniter->handleRequest(NULL, Object(Config\Cache), false)
#4 C:\xampp\htdocs\FAH\index.php(37): CodeIgniter\CodeIgniter->run()
#5 {main}
CRITICAL - 2022-05-10 01:09:44 --> Trying to access array offset on value of type null
#0 C:\xampp\htdocs\FAH\app\Controllers\FahAPI.php(126): CodeIgniter\Debug\Exceptions->errorHandler(2, 'Trying to acces...', 'C:\\xampp\\htdocs...', 126)
#1 C:\xampp\htdocs\FAH\system\CodeIgniter.php(824): App\Controllers\FahAPI->view('all')
#2 C:\xampp\htdocs\FAH\system\CodeIgniter.php(410): CodeIgniter\CodeIgniter->runController(Object(App\Controllers\FahAPI))
#3 C:\xampp\htdocs\FAH\system\CodeIgniter.php(318): CodeIgniter\CodeIgniter->handleRequest(NULL, Object(Config\Cache), false)
#4 C:\xampp\htdocs\FAH\index.php(37): CodeIgniter\CodeIgniter->run()
#5 {main}
CRITICAL - 2022-05-10 01:10:19 --> Trying to access array offset on value of type null
#0 C:\xampp\htdocs\FAH\app\Controllers\FahAPI.php(126): CodeIgniter\Debug\Exceptions->errorHandler(2, 'Trying to acces...', 'C:\\xampp\\htdocs...', 126)
#1 C:\xampp\htdocs\FAH\system\CodeIgniter.php(824): App\Controllers\FahAPI->view('all')
#2 C:\xampp\htdocs\FAH\system\CodeIgniter.php(410): CodeIgniter\CodeIgniter->runController(Object(App\Controllers\FahAPI))
#3 C:\xampp\htdocs\FAH\system\CodeIgniter.php(318): CodeIgniter\CodeIgniter->handleRequest(NULL, Object(Config\Cache), false)
#4 C:\xampp\htdocs\FAH\index.php(37): CodeIgniter\CodeIgniter->run()
#5 {main}
CRITICAL - 2022-05-10 01:12:18 --> syntax error, unexpected token "}"
#0 C:\xampp\htdocs\FAH\system\Autoloader\Autoloader.php(241): CodeIgniter\Autoloader\Autoloader->includeFile('C:\\xampp\\htdocs...')
#1 C:\xampp\htdocs\FAH\system\Autoloader\Autoloader.php(219): CodeIgniter\Autoloader\Autoloader->loadInNamespace('App\\Models\\APIM...')
#2 C:\xampp\htdocs\FAH\app\Controllers\FahAPI.php(122): CodeIgniter\Autoloader\Autoloader->loadClass('App\\Models\\APIM...')
#3 C:\xampp\htdocs\FAH\system\CodeIgniter.php(824): App\Controllers\FahAPI->view('all')
#4 C:\xampp\htdocs\FAH\system\CodeIgniter.php(410): CodeIgniter\CodeIgniter->runController(Object(App\Controllers\FahAPI))
#5 C:\xampp\htdocs\FAH\system\CodeIgniter.php(318): CodeIgniter\CodeIgniter->handleRequest(NULL, Object(Config\Cache), false)
#6 C:\xampp\htdocs\FAH\index.php(37): CodeIgniter\CodeIgniter->run()
#7 {main}
CRITICAL - 2022-05-10 01:12:38 --> Call to undefined method CodeIgniter\Database\MySQLi\Builder::affectedRows()
#0 C:\xampp\htdocs\FAH\app\Controllers\FahAPI.php(124): App\Models\APIModel->viewUser('all')
#1 C:\xampp\htdocs\FAH\system\CodeIgniter.php(824): App\Controllers\FahAPI->view('all')
#2 C:\xampp\htdocs\FAH\system\CodeIgniter.php(410): CodeIgniter\CodeIgniter->runController(Object(App\Controllers\FahAPI))
#3 C:\xampp\htdocs\FAH\system\CodeIgniter.php(318): CodeIgniter\CodeIgniter->handleRequest(NULL, Object(Config\Cache), false)
#4 C:\xampp\htdocs\FAH\index.php(37): CodeIgniter\CodeIgniter->run()
#5 {main}
CRITICAL - 2022-05-10 01:12:49 --> Trying to access array offset on value of type null
#0 C:\xampp\htdocs\FAH\app\Controllers\FahAPI.php(126): CodeIgniter\Debug\Exceptions->errorHandler(2, 'Trying to acces...', 'C:\\xampp\\htdocs...', 126)
#1 C:\xampp\htdocs\FAH\system\CodeIgniter.php(824): App\Controllers\FahAPI->view('all')
#2 C:\xampp\htdocs\FAH\system\CodeIgniter.php(410): CodeIgniter\CodeIgniter->runController(Object(App\Controllers\FahAPI))
#3 C:\xampp\htdocs\FAH\system\CodeIgniter.php(318): CodeIgniter\CodeIgniter->handleRequest(NULL, Object(Config\Cache), false)
#4 C:\xampp\htdocs\FAH\index.php(37): CodeIgniter\CodeIgniter->run()
#5 {main}
CRITICAL - 2022-05-10 01:12:59 --> Call to undefined method CodeIgniter\Database\MySQLi\Result::affectedRows()
#0 C:\xampp\htdocs\FAH\app\Controllers\FahAPI.php(124): App\Models\APIModel->viewUser('all')
#1 C:\xampp\htdocs\FAH\system\CodeIgniter.php(824): App\Controllers\FahAPI->view('all')
#2 C:\xampp\htdocs\FAH\system\CodeIgniter.php(410): CodeIgniter\CodeIgniter->runController(Object(App\Controllers\FahAPI))
#3 C:\xampp\htdocs\FAH\system\CodeIgniter.php(318): CodeIgniter\CodeIgniter->handleRequest(NULL, Object(Config\Cache), false)
#4 C:\xampp\htdocs\FAH\index.php(37): CodeIgniter\CodeIgniter->run()
#5 {main}
CRITICAL - 2022-05-10 01:13:09 --> Trying to access array offset on value of type null
#0 C:\xampp\htdocs\FAH\app\Controllers\FahAPI.php(126): CodeIgniter\Debug\Exceptions->errorHandler(2, 'Trying to acces...', 'C:\\xampp\\htdocs...', 126)
#1 C:\xampp\htdocs\FAH\system\CodeIgniter.php(824): App\Controllers\FahAPI->view('all')
#2 C:\xampp\htdocs\FAH\system\CodeIgniter.php(410): CodeIgniter\CodeIgniter->runController(Object(App\Controllers\FahAPI))
#3 C:\xampp\htdocs\FAH\system\CodeIgniter.php(318): CodeIgniter\CodeIgniter->handleRequest(NULL, Object(Config\Cache), false)
#4 C:\xampp\htdocs\FAH\index.php(37): CodeIgniter\CodeIgniter->run()
#5 {main}
CRITICAL - 2022-05-10 01:18:24 --> Object of class CodeIgniter\HTTP\Response could not be converted to string
#0 C:\xampp\htdocs\FAH\system\CodeIgniter.php(824): App\Controllers\FahAPI->view('all')
#1 C:\xampp\htdocs\FAH\system\CodeIgniter.php(410): CodeIgniter\CodeIgniter->runController(Object(App\Controllers\FahAPI))
#2 C:\xampp\htdocs\FAH\system\CodeIgniter.php(318): CodeIgniter\CodeIgniter->handleRequest(NULL, Object(Config\Cache), false)
#3 C:\xampp\htdocs\FAH\index.php(37): CodeIgniter\CodeIgniter->run()
#4 {main}
CRITICAL - 2022-05-10 01:19:25 --> Call to a member function getResultArray() on null
#0 C:\xampp\htdocs\FAH\system\CodeIgniter.php(824): App\Controllers\FahAPI->view('all')
#1 C:\xampp\htdocs\FAH\system\CodeIgniter.php(410): CodeIgniter\CodeIgniter->runController(Object(App\Controllers\FahAPI))
#2 C:\xampp\htdocs\FAH\system\CodeIgniter.php(318): CodeIgniter\CodeIgniter->handleRequest(NULL, Object(Config\Cache), false)
#3 C:\xampp\htdocs\FAH\index.php(37): CodeIgniter\CodeIgniter->run()
#4 {main}
CRITICAL - 2022-05-10 01:19:44 --> Call to a member function getResultArray() on null
#0 C:\xampp\htdocs\FAH\system\CodeIgniter.php(824): App\Controllers\FahAPI->view('all')
#1 C:\xampp\htdocs\FAH\system\CodeIgniter.php(410): CodeIgniter\CodeIgniter->runController(Object(App\Controllers\FahAPI))
#2 C:\xampp\htdocs\FAH\system\CodeIgniter.php(318): CodeIgniter\CodeIgniter->handleRequest(NULL, Object(Config\Cache), false)
#3 C:\xampp\htdocs\FAH\index.php(37): CodeIgniter\CodeIgniter->run()
#4 {main}
CRITICAL - 2022-05-10 01:20:01 --> Call to a member function getResultArray() on array
#0 C:\xampp\htdocs\FAH\system\CodeIgniter.php(824): App\Controllers\FahAPI->view('all')
#1 C:\xampp\htdocs\FAH\system\CodeIgniter.php(410): CodeIgniter\CodeIgniter->runController(Object(App\Controllers\FahAPI))
#2 C:\xampp\htdocs\FAH\system\CodeIgniter.php(318): CodeIgniter\CodeIgniter->handleRequest(NULL, Object(Config\Cache), false)
#3 C:\xampp\htdocs\FAH\index.php(37): CodeIgniter\CodeIgniter->run()
#4 {main}
CRITICAL - 2022-05-10 01:27:37 --> syntax error, unexpected identifier "UID", expecting "," or ";"
#0 C:\xampp\htdocs\FAH\system\Autoloader\Autoloader.php(241): CodeIgniter\Autoloader\Autoloader->includeFile('C:\\xampp\\htdocs...')
#1 C:\xampp\htdocs\FAH\system\Autoloader\Autoloader.php(219): CodeIgniter\Autoloader\Autoloader->loadInNamespace('App\\Controllers...')
#2 [internal function]: CodeIgniter\Autoloader\Autoloader->loadClass('App\\Controllers...')
#3 C:\xampp\htdocs\FAH\system\CodeIgniter.php(789): class_exists('\\App\\Controller...', true)
#4 C:\xampp\htdocs\FAH\system\CodeIgniter.php(397): CodeIgniter\CodeIgniter->startController()
#5 C:\xampp\htdocs\FAH\system\CodeIgniter.php(318): CodeIgniter\CodeIgniter->handleRequest(NULL, Object(Config\Cache), false)
#6 C:\xampp\htdocs\FAH\index.php(37): CodeIgniter\CodeIgniter->run()
#7 {main}
CRITICAL - 2022-05-10 01:29:56 --> foreach() argument must be of type array|object, null given
#0 C:\xampp\htdocs\FAH\app\Controllers\FahAPI.php(125): CodeIgniter\Debug\Exceptions->errorHandler(2, 'foreach() argum...', 'C:\\xampp\\htdocs...', 125)
#1 C:\xampp\htdocs\FAH\system\CodeIgniter.php(824): App\Controllers\FahAPI->view('93')
#2 C:\xampp\htdocs\FAH\system\CodeIgniter.php(410): CodeIgniter\CodeIgniter->runController(Object(App\Controllers\FahAPI))
#3 C:\xampp\htdocs\FAH\system\CodeIgniter.php(318): CodeIgniter\CodeIgniter->handleRequest(NULL, Object(Config\Cache), false)
#4 C:\xampp\htdocs\FAH\index.php(37): CodeIgniter\CodeIgniter->run()
#5 {main}
CRITICAL - 2022-05-10 01:30:10 --> foreach() argument must be of type array|object, null given
#0 C:\xampp\htdocs\FAH\app\Controllers\FahAPI.php(125): CodeIgniter\Debug\Exceptions->errorHandler(2, 'foreach() argum...', 'C:\\xampp\\htdocs...', 125)
#1 C:\xampp\htdocs\FAH\system\CodeIgniter.php(824): App\Controllers\FahAPI->view('93')
#2 C:\xampp\htdocs\FAH\system\CodeIgniter.php(410): CodeIgniter\CodeIgniter->runController(Object(App\Controllers\FahAPI))
#3 C:\xampp\htdocs\FAH\system\CodeIgniter.php(318): CodeIgniter\CodeIgniter->handleRequest(NULL, Object(Config\Cache), false)
#4 C:\xampp\htdocs\FAH\index.php(37): CodeIgniter\CodeIgniter->run()
#5 {main}
CRITICAL - 2022-05-10 01:38:24 --> syntax error, unexpected token "}", expecting "," or ";"
#0 C:\xampp\htdocs\FAH\system\Autoloader\Autoloader.php(241): CodeIgniter\Autoloader\Autoloader->includeFile('C:\\xampp\\htdocs...')
#1 C:\xampp\htdocs\FAH\system\Autoloader\Autoloader.php(219): CodeIgniter\Autoloader\Autoloader->loadInNamespace('App\\Controllers...')
#2 [internal function]: CodeIgniter\Autoloader\Autoloader->loadClass('App\\Controllers...')
#3 C:\xampp\htdocs\FAH\system\CodeIgniter.php(789): class_exists('\\App\\Controller...', true)
#4 C:\xampp\htdocs\FAH\system\CodeIgniter.php(397): CodeIgniter\CodeIgniter->startController()
#5 C:\xampp\htdocs\FAH\system\CodeIgniter.php(318): CodeIgniter\CodeIgniter->handleRequest(NULL, Object(Config\Cache), false)
#6 C:\xampp\htdocs\FAH\index.php(37): CodeIgniter\CodeIgniter->run()
#7 {main}
CRITICAL - 2022-05-10 01:38:38 --> syntax error, unexpected token "}", expecting "," or ";"
#0 C:\xampp\htdocs\FAH\system\Autoloader\Autoloader.php(241): CodeIgniter\Autoloader\Autoloader->includeFile('C:\\xampp\\htdocs...')
#1 C:\xampp\htdocs\FAH\system\Autoloader\Autoloader.php(219): CodeIgniter\Autoloader\Autoloader->loadInNamespace('App\\Controllers...')
#2 [internal function]: CodeIgniter\Autoloader\Autoloader->loadClass('App\\Controllers...')
#3 C:\xampp\htdocs\FAH\system\CodeIgniter.php(789): class_exists('\\App\\Controller...', true)
#4 C:\xampp\htdocs\FAH\system\CodeIgniter.php(397): CodeIgniter\CodeIgniter->startController()
#5 C:\xampp\htdocs\FAH\system\CodeIgniter.php(318): CodeIgniter\CodeIgniter->handleRequest(NULL, Object(Config\Cache), false)
#6 C:\xampp\htdocs\FAH\index.php(37): CodeIgniter\CodeIgniter->run()
#7 {main}
CRITICAL - 2022-05-10 01:46:32 --> Expired token
#0 C:\xampp\htdocs\FAH\app\Controllers\FahAPI.php(121): Firebase\JWT\JWT::decode('eyJ0eXAiOiJKV1Q...', 'mahek', Array)
#1 C:\xampp\htdocs\FAH\system\CodeIgniter.php(824): App\Controllers\FahAPI->view('13')
#2 C:\xampp\htdocs\FAH\system\CodeIgniter.php(410): CodeIgniter\CodeIgniter->runController(Object(App\Controllers\FahAPI))
#3 C:\xampp\htdocs\FAH\system\CodeIgniter.php(318): CodeIgniter\CodeIgniter->handleRequest(NULL, Object(Config\Cache), false)
#4 C:\xampp\htdocs\FAH\index.php(37): CodeIgniter\CodeIgniter->run()
#5 {main}
CRITICAL - 2022-05-10 01:48:10 --> Syntax error, malformed JSON
#0 C:\xampp\htdocs\FAH\vendor\firebase\php-jwt\src\JWT.php(329): Firebase\JWT\JWT::handleJsonError(4)
#1 C:\xampp\htdocs\FAH\vendor\firebase\php-jwt\src\JWT.php(95): Firebase\JWT\JWT::jsonDecode('\xC8\x9D\x1E\\\x08\x8E\x88\x92\x95\xD5\x08\x8B\x08\x98[...')
#2 C:\xampp\htdocs\FAH\app\Controllers\FahAPI.php(121): Firebase\JWT\JWT::decode('yJ0eXAiOiJKV1Qi...', 'mahek', Array)
#3 C:\xampp\htdocs\FAH\system\CodeIgniter.php(824): App\Controllers\FahAPI->view('all')
#4 C:\xampp\htdocs\FAH\system\CodeIgniter.php(410): CodeIgniter\CodeIgniter->runController(Object(App\Controllers\FahAPI))
#5 C:\xampp\htdocs\FAH\system\CodeIgniter.php(318): CodeIgniter\CodeIgniter->handleRequest(NULL, Object(Config\Cache), false)
#6 C:\xampp\htdocs\FAH\index.php(37): CodeIgniter\CodeIgniter->run()
#7 {main}
CRITICAL - 2022-05-10 01:48:10 --> Uncaught CodeIgniter\Format\Exceptions\FormatException: Failed to parse json string, error: "Malformed UTF-8 characters, possibly incorrectly encoded". in C:\xampp\htdocs\FAH\system\Format\JSONFormatter.php:41
Stack trace:
#0 C:\xampp\htdocs\FAH\system\Format\JSONFormatter.php(41): CodeIgniter\Format\Exceptions\FormatException::forInvalidJSON('Malformed UTF-8...')
#1 C:\xampp\htdocs\FAH\system\API\ResponseTrait.php(341): CodeIgniter\Format\JSONFormatter->format(Array)
#2 C:\xampp\htdocs\FAH\system\API\ResponseTrait.php(99): CodeIgniter\Debug\Exceptions->format(Array)
#3 C:\xampp\htdocs\FAH\system\Debug\Exceptions.php(110): CodeIgniter\Debug\Exceptions->respond(Array, 500)
#4 [internal function]: CodeIgniter\Debug\Exceptions->exceptionHandler(Object(DomainException))
#5 {main}
  thrown
#0 [internal function]: CodeIgniter\Debug\Exceptions->shutdownHandler()
#1 {main}
CRITICAL - 2022-05-10 03:14:20 --> Undefined array key "custom_fields"
#0 C:\xampp\htdocs\FAH\app\Controllers\UserHome.php(388): CodeIgniter\Debug\Exceptions->errorHandler(2, 'Undefined array...', 'C:\\xampp\\htdocs...', 388)
#1 C:\xampp\htdocs\FAH\system\CodeIgniter.php(824): App\Controllers\UserHome->projectView('<')
#2 C:\xampp\htdocs\FAH\system\CodeIgniter.php(410): CodeIgniter\CodeIgniter->runController(Object(App\Controllers\UserHome))
#3 C:\xampp\htdocs\FAH\system\CodeIgniter.php(318): CodeIgniter\CodeIgniter->handleRequest(NULL, Object(Config\Cache), false)
#4 C:\xampp\htdocs\FAH\index.php(37): CodeIgniter\CodeIgniter->run()
#5 {main}
CRITICAL - 2022-05-10 03:37:00 --> Undefined array key "page"
#0 C:\xampp\htdocs\FAH\app\Views\templates\navbar.php(12): CodeIgniter\Debug\Exceptions->errorHandler(2, 'Undefined array...', 'C:\\xampp\\htdocs...', 12)
#1 C:\xampp\htdocs\FAH\system\View\View.php(214): include('C:\\xampp\\htdocs...')
#2 C:\xampp\htdocs\FAH\system\View\View.php(217): CodeIgniter\View\View->CodeIgniter\View\{closure}()
#3 C:\xampp\htdocs\FAH\system\Common.php(1097): CodeIgniter\View\View->render('templates/navba...', Array, true)
#4 C:\xampp\htdocs\FAH\app\Controllers\Admin.php(46): view('templates/navba...', Array)
#5 C:\xampp\htdocs\FAH\system\CodeIgniter.php(824): App\Controllers\Admin->index()
#6 C:\xampp\htdocs\FAH\system\CodeIgniter.php(410): CodeIgniter\CodeIgniter->runController(Object(App\Controllers\Admin))
#7 C:\xampp\htdocs\FAH\system\CodeIgniter.php(318): CodeIgniter\CodeIgniter->handleRequest(NULL, Object(Config\Cache), false)
#8 C:\xampp\htdocs\FAH\index.php(37): CodeIgniter\CodeIgniter->run()
#9 {main}
CRITICAL - 2022-05-10 03:37:29 --> Undefined array key "page"
#0 C:\xampp\htdocs\FAH\app\Views\templates\navbar.php(12): CodeIgniter\Debug\Exceptions->errorHandler(2, 'Undefined array...', 'C:\\xampp\\htdocs...', 12)
#1 C:\xampp\htdocs\FAH\system\View\View.php(214): include('C:\\xampp\\htdocs...')
#2 C:\xampp\htdocs\FAH\system\View\View.php(217): CodeIgniter\View\View->CodeIgniter\View\{closure}()
#3 C:\xampp\htdocs\FAH\system\Common.php(1097): CodeIgniter\View\View->render('templates/navba...', Array, true)
#4 C:\xampp\htdocs\FAH\app\Controllers\Admin.php(46): view('templates/navba...', Array)
#5 C:\xampp\htdocs\FAH\system\CodeIgniter.php(824): App\Controllers\Admin->index()
#6 C:\xampp\htdocs\FAH\system\CodeIgniter.php(410): CodeIgniter\CodeIgniter->runController(Object(App\Controllers\Admin))
#7 C:\xampp\htdocs\FAH\system\CodeIgniter.php(318): CodeIgniter\CodeIgniter->handleRequest(NULL, Object(Config\Cache), false)
#8 C:\xampp\htdocs\FAH\index.php(37): CodeIgniter\CodeIgniter->run()
#9 {main}
CRITICAL - 2022-05-10 03:37:46 --> syntax error, unexpected variable "$data"
#0 C:\xampp\htdocs\FAH\system\View\View.php(217): CodeIgniter\View\View->CodeIgniter\View\{closure}()
#1 C:\xampp\htdocs\FAH\system\Common.php(1097): CodeIgniter\View\View->render('templates/navba...', Array, true)
#2 C:\xampp\htdocs\FAH\app\Controllers\Admin.php(46): view('templates/navba...', Array)
#3 C:\xampp\htdocs\FAH\system\CodeIgniter.php(824): App\Controllers\Admin->index()
#4 C:\xampp\htdocs\FAH\system\CodeIgniter.php(410): CodeIgniter\CodeIgniter->runController(Object(App\Controllers\Admin))
#5 C:\xampp\htdocs\FAH\system\CodeIgniter.php(318): CodeIgniter\CodeIgniter->handleRequest(NULL, Object(Config\Cache), false)
#6 C:\xampp\htdocs\FAH\index.php(37): CodeIgniter\CodeIgniter->run()
#7 {main}
CRITICAL - 2022-05-10 03:38:44 --> Trying to access array offset on value of type null
#0 C:\xampp\htdocs\FAH\app\Controllers\Admin.php(234): CodeIgniter\Debug\Exceptions->errorHandler(2, 'Trying to acces...', 'C:\\xampp\\htdocs...', 234)
#1 C:\xampp\htdocs\FAH\app\Controllers\Admin.php(281): App\Controllers\Admin->getRecordById('Deals', '600', '1000.6ef4bd7365...')
#2 C:\xampp\htdocs\FAH\system\CodeIgniter.php(824): App\Controllers\Admin->customerView()
#3 C:\xampp\htdocs\FAH\system\CodeIgniter.php(410): CodeIgniter\CodeIgniter->runController(Object(App\Controllers\Admin))
#4 C:\xampp\htdocs\FAH\system\CodeIgniter.php(318): CodeIgniter\CodeIgniter->handleRequest(NULL, Object(Config\Cache), false)
#5 C:\xampp\htdocs\FAH\index.php(37): CodeIgniter\CodeIgniter->run()
#6 {main}
CRITICAL - 2022-05-10 04:12:43 --> Trying to access array offset on value of type bool
#0 C:\xampp\htdocs\FAH\app\Controllers\Admin.php(267): CodeIgniter\Debug\Exceptions->errorHandler(2, 'Trying to acces...', 'C:\\xampp\\htdocs...', 267)
#1 C:\xampp\htdocs\FAH\system\CodeIgniter.php(824): App\Controllers\Admin->customerView()
#2 C:\xampp\htdocs\FAH\system\CodeIgniter.php(410): CodeIgniter\CodeIgniter->runController(Object(App\Controllers\Admin))
#3 C:\xampp\htdocs\FAH\system\CodeIgniter.php(318): CodeIgniter\CodeIgniter->handleRequest(NULL, Object(Config\Cache), false)
#4 C:\xampp\htdocs\FAH\index.php(37): CodeIgniter\CodeIgniter->run()
#5 {main}
CRITICAL - 2022-05-10 04:13:35 --> Trying to access array offset on value of type bool
#0 C:\xampp\htdocs\FAH\app\Controllers\Admin.php(267): CodeIgniter\Debug\Exceptions->errorHandler(2, 'Trying to acces...', 'C:\\xampp\\htdocs...', 267)
#1 C:\xampp\htdocs\FAH\system\CodeIgniter.php(824): App\Controllers\Admin->customerView()
#2 C:\xampp\htdocs\FAH\system\CodeIgniter.php(410): CodeIgniter\CodeIgniter->runController(Object(App\Controllers\Admin))
#3 C:\xampp\htdocs\FAH\system\CodeIgniter.php(318): CodeIgniter\CodeIgniter->handleRequest(NULL, Object(Config\Cache), false)
#4 C:\xampp\htdocs\FAH\index.php(37): CodeIgniter\CodeIgniter->run()
#5 {main}
CRITICAL - 2022-05-10 04:13:40 --> Trying to access array offset on value of type bool
#0 C:\xampp\htdocs\FAH\app\Controllers\Admin.php(267): CodeIgniter\Debug\Exceptions->errorHandler(2, 'Trying to acces...', 'C:\\xampp\\htdocs...', 267)
#1 C:\xampp\htdocs\FAH\system\CodeIgniter.php(824): App\Controllers\Admin->customerView()
#2 C:\xampp\htdocs\FAH\system\CodeIgniter.php(410): CodeIgniter\CodeIgniter->runController(Object(App\Controllers\Admin))
#3 C:\xampp\htdocs\FAH\system\CodeIgniter.php(318): CodeIgniter\CodeIgniter->handleRequest(NULL, Object(Config\Cache), false)
#4 C:\xampp\htdocs\FAH\index.php(37): CodeIgniter\CodeIgniter->run()
#5 {main}
CRITICAL - 2022-05-10 04:36:25 --> Cannot redeclare App\Controllers\Admin::vendorView()
#0 [internal function]: CodeIgniter\Debug\Exceptions->shutdownHandler()
#1 {main}
CRITICAL - 2022-05-10 04:39:35 --> Undefined variable $vendordata
#0 C:\xampp\htdocs\FAH\app\Controllers\Admin.php(260): CodeIgniter\Debug\Exceptions->errorHandler(2, 'Undefined varia...', 'C:\\xampp\\htdocs...', 260)
#1 C:\xampp\htdocs\FAH\system\CodeIgniter.php(824): App\Controllers\Admin->vendorView()
#2 C:\xampp\htdocs\FAH\system\CodeIgniter.php(410): CodeIgniter\CodeIgniter->runController(Object(App\Controllers\Admin))
#3 C:\xampp\htdocs\FAH\system\CodeIgniter.php(318): CodeIgniter\CodeIgniter->handleRequest(NULL, Object(Config\Cache), false)
#4 C:\xampp\htdocs\FAH\index.php(37): CodeIgniter\CodeIgniter->run()
#5 {main}
CRITICAL - 2022-05-10 04:39:44 --> Undefined variable $vendordata
#0 C:\xampp\htdocs\FAH\app\Controllers\Admin.php(260): CodeIgniter\Debug\Exceptions->errorHandler(2, 'Undefined varia...', 'C:\\xampp\\htdocs...', 260)
#1 C:\xampp\htdocs\FAH\system\CodeIgniter.php(824): App\Controllers\Admin->vendorView()
#2 C:\xampp\htdocs\FAH\system\CodeIgniter.php(410): CodeIgniter\CodeIgniter->runController(Object(App\Controllers\Admin))
#3 C:\xampp\htdocs\FAH\system\CodeIgniter.php(318): CodeIgniter\CodeIgniter->handleRequest(NULL, Object(Config\Cache), false)
#4 C:\xampp\htdocs\FAH\index.php(37): CodeIgniter\CodeIgniter->run()
#5 {main}
CRITICAL - 2022-05-10 04:40:52 --> Call to undefined method App\Controllers\Admin::getFileDate()
#0 C:\xampp\htdocs\FAH\system\CodeIgniter.php(824): App\Controllers\Admin->vendorView()
#1 C:\xampp\htdocs\FAH\system\CodeIgniter.php(410): CodeIgniter\CodeIgniter->runController(Object(App\Controllers\Admin))
#2 C:\xampp\htdocs\FAH\system\CodeIgniter.php(318): CodeIgniter\CodeIgniter->handleRequest(NULL, Object(Config\Cache), false)
#3 C:\xampp\htdocs\FAH\index.php(37): CodeIgniter\CodeIgniter->run()
#4 {main}
CRITICAL - 2022-05-10 04:46:55 --> Undefined variable $data
#0 C:\xampp\htdocs\FAH\app\Controllers\Admin.php(348): CodeIgniter\Debug\Exceptions->errorHandler(2, 'Undefined varia...', 'C:\\xampp\\htdocs...', 348)
#1 C:\xampp\htdocs\FAH\system\CodeIgniter.php(824): App\Controllers\Admin->vendorView()
#2 C:\xampp\htdocs\FAH\system\CodeIgniter.php(410): CodeIgniter\CodeIgniter->runController(Object(App\Controllers\Admin))
#3 C:\xampp\htdocs\FAH\system\CodeIgniter.php(318): CodeIgniter\CodeIgniter->handleRequest(NULL, Object(Config\Cache), false)
#4 C:\xampp\htdocs\FAH\index.php(37): CodeIgniter\CodeIgniter->run()
#5 {main}
CRITICAL - 2022-05-10 04:47:51 --> Undefined array key "role"
#0 C:\xampp\htdocs\FAH\app\Views\templates\navbar.php(11): CodeIgniter\Debug\Exceptions->errorHandler(2, 'Undefined array...', 'C:\\xampp\\htdocs...', 11)
#1 C:\xampp\htdocs\FAH\system\View\View.php(214): include('C:\\xampp\\htdocs...')
#2 C:\xampp\htdocs\FAH\system\View\View.php(217): CodeIgniter\View\View->CodeIgniter\View\{closure}()
#3 C:\xampp\htdocs\FAH\system\Common.php(1097): CodeIgniter\View\View->render('templates/navba...', Array, true)
#4 C:\xampp\htdocs\FAH\app\Controllers\Admin.php(348): view('templates/navba...', Array)
#5 C:\xampp\htdocs\FAH\system\CodeIgniter.php(824): App\Controllers\Admin->vendorView()
#6 C:\xampp\htdocs\FAH\system\CodeIgniter.php(410): CodeIgniter\CodeIgniter->runController(Object(App\Controllers\Admin))
#7 C:\xampp\htdocs\FAH\system\CodeIgniter.php(318): CodeIgniter\CodeIgniter->handleRequest(NULL, Object(Config\Cache), false)
#8 C:\xampp\htdocs\FAH\index.php(37): CodeIgniter\CodeIgniter->run()
#9 {main}
CRITICAL - 2022-05-10 04:49:37 --> Undefined variable $email
#0 C:\xampp\htdocs\FAH\app\Controllers\Admin.php(349): CodeIgniter\Debug\Exceptions->errorHandler(2, 'Undefined varia...', 'C:\\xampp\\htdocs...', 349)
#1 C:\xampp\htdocs\FAH\system\CodeIgniter.php(824): App\Controllers\Admin->vendorView()
#2 C:\xampp\htdocs\FAH\system\CodeIgniter.php(410): CodeIgniter\CodeIgniter->runController(Object(App\Controllers\Admin))
#3 C:\xampp\htdocs\FAH\system\CodeIgniter.php(318): CodeIgniter\CodeIgniter->handleRequest(NULL, Object(Config\Cache), false)
#4 C:\xampp\htdocs\FAH\index.php(37): CodeIgniter\CodeIgniter->run()
#5 {main}
CRITICAL - 2022-05-10 04:49:55 --> Undefined variable $email
#0 C:\xampp\htdocs\FAH\app\Controllers\Admin.php(350): CodeIgniter\Debug\Exceptions->errorHandler(2, 'Undefined varia...', 'C:\\xampp\\htdocs...', 350)
#1 C:\xampp\htdocs\FAH\system\CodeIgniter.php(824): App\Controllers\Admin->vendorView()
#2 C:\xampp\htdocs\FAH\system\CodeIgniter.php(410): CodeIgniter\CodeIgniter->runController(Object(App\Controllers\Admin))
#3 C:\xampp\htdocs\FAH\system\CodeIgniter.php(318): CodeIgniter\CodeIgniter->handleRequest(NULL, Object(Config\Cache), false)
#4 C:\xampp\htdocs\FAH\index.php(37): CodeIgniter\CodeIgniter->run()
#5 {main}
CRITICAL - 2022-05-10 04:54:39 --> Call to undefined method App\Controllers\Admin::getUserData()
#0 C:\xampp\htdocs\FAH\system\CodeIgniter.php(824): App\Controllers\Admin->vendorView()
#1 C:\xampp\htdocs\FAH\system\CodeIgniter.php(410): CodeIgniter\CodeIgniter->runController(Object(App\Controllers\Admin))
#2 C:\xampp\htdocs\FAH\system\CodeIgniter.php(318): CodeIgniter\CodeIgniter->handleRequest(NULL, Object(Config\Cache), false)
#3 C:\xampp\htdocs\FAH\index.php(37): CodeIgniter\CodeIgniter->run()
#4 {main}
CRITICAL - 2022-05-10 04:54:55 --> Undefined array key "email"
#0 C:\xampp\htdocs\FAH\app\Controllers\Admin.php(275): CodeIgniter\Debug\Exceptions->errorHandler(2, 'Undefined array...', 'C:\\xampp\\htdocs...', 275)
#1 C:\xampp\htdocs\FAH\system\CodeIgniter.php(824): App\Controllers\Admin->vendorView()
#2 C:\xampp\htdocs\FAH\system\CodeIgniter.php(410): CodeIgniter\CodeIgniter->runController(Object(App\Controllers\Admin))
#3 C:\xampp\htdocs\FAH\system\CodeIgniter.php(318): CodeIgniter\CodeIgniter->handleRequest(NULL, Object(Config\Cache), false)
#4 C:\xampp\htdocs\FAH\index.php(37): CodeIgniter\CodeIgniter->run()
#5 {main}
CRITICAL - 2022-05-10 04:55:11 --> Undefined array key "EMAIL"
#0 C:\xampp\htdocs\FAH\app\Controllers\Admin.php(275): CodeIgniter\Debug\Exceptions->errorHandler(2, 'Undefined array...', 'C:\\xampp\\htdocs...', 275)
#1 C:\xampp\htdocs\FAH\system\CodeIgniter.php(824): App\Controllers\Admin->vendorView()
#2 C:\xampp\htdocs\FAH\system\CodeIgniter.php(410): CodeIgniter\CodeIgniter->runController(Object(App\Controllers\Admin))
#3 C:\xampp\htdocs\FAH\system\CodeIgniter.php(318): CodeIgniter\CodeIgniter->handleRequest(NULL, Object(Config\Cache), false)
#4 C:\xampp\htdocs\FAH\index.php(37): CodeIgniter\CodeIgniter->run()
#5 {main}
CRITICAL - 2022-05-10 04:55:31 --> Trying to access array offset on value of type null
#0 C:\xampp\htdocs\FAH\app\Controllers\Admin.php(275): CodeIgniter\Debug\Exceptions->errorHandler(2, 'Trying to acces...', 'C:\\xampp\\htdocs...', 275)
#1 C:\xampp\htdocs\FAH\system\CodeIgniter.php(824): App\Controllers\Admin->vendorView()
#2 C:\xampp\htdocs\FAH\system\CodeIgniter.php(410): CodeIgniter\CodeIgniter->runController(Object(App\Controllers\Admin))
#3 C:\xampp\htdocs\FAH\system\CodeIgniter.php(318): CodeIgniter\CodeIgniter->handleRequest(NULL, Object(Config\Cache), false)
#4 C:\xampp\htdocs\FAH\index.php(37): CodeIgniter\CodeIgniter->run()
#5 {main}
CRITICAL - 2022-05-10 05:10:00 --> Call to undefined method App\Controllers\Admin::getClickuptask()
#0 C:\xampp\htdocs\FAH\system\CodeIgniter.php(824): App\Controllers\Admin->projectView('2aek8am')
#1 C:\xampp\htdocs\FAH\system\CodeIgniter.php(410): CodeIgniter\CodeIgniter->runController(Object(App\Controllers\Admin))
#2 C:\xampp\htdocs\FAH\system\CodeIgniter.php(318): CodeIgniter\CodeIgniter->handleRequest(NULL, Object(Config\Cache), false)
#3 C:\xampp\htdocs\FAH\index.php(37): CodeIgniter\CodeIgniter->run()
#4 {main}
CRITICAL - 2022-05-10 05:10:39 --> Call to undefined method App\Controllers\Admin::getClickuptask()
#0 C:\xampp\htdocs\FAH\system\CodeIgniter.php(824): App\Controllers\Admin->projectView('2aek8am')
#1 C:\xampp\htdocs\FAH\system\CodeIgniter.php(410): CodeIgniter\CodeIgniter->runController(Object(App\Controllers\Admin))
#2 C:\xampp\htdocs\FAH\system\CodeIgniter.php(318): CodeIgniter\CodeIgniter->handleRequest(NULL, Object(Config\Cache), false)
#3 C:\xampp\htdocs\FAH\index.php(37): CodeIgniter\CodeIgniter->run()
#4 {main}
CRITICAL - 2022-05-10 05:12:31 --> Undefined array key "page"
#0 C:\xampp\htdocs\FAH\app\Views\templates\navbar.php(11): CodeIgniter\Debug\Exceptions->errorHandler(2, 'Undefined array...', 'C:\\xampp\\htdocs...', 11)
#1 C:\xampp\htdocs\FAH\system\View\View.php(214): include('C:\\xampp\\htdocs...')
#2 C:\xampp\htdocs\FAH\system\View\View.php(217): CodeIgniter\View\View->CodeIgniter\View\{closure}()
#3 C:\xampp\htdocs\FAH\system\Common.php(1097): CodeIgniter\View\View->render('templates/navba...', Array, true)
#4 C:\xampp\htdocs\FAH\app\Controllers\Admin.php(412): view('templates/navba...')
#5 C:\xampp\htdocs\FAH\system\CodeIgniter.php(824): App\Controllers\Admin->projectView('29qgj8h')
#6 C:\xampp\htdocs\FAH\system\CodeIgniter.php(410): CodeIgniter\CodeIgniter->runController(Object(App\Controllers\Admin))
#7 C:\xampp\htdocs\FAH\system\CodeIgniter.php(318): CodeIgniter\CodeIgniter->handleRequest(NULL, Object(Config\Cache), false)
#8 C:\xampp\htdocs\FAH\index.php(37): CodeIgniter\CodeIgniter->run()
#9 {main}
CRITICAL - 2022-05-10 05:20:15 --> Undefined array key "page"
#0 C:\xampp\htdocs\FAH\app\Views\templates\navbar.php(24): CodeIgniter\Debug\Exceptions->errorHandler(2, 'Undefined array...', 'C:\\xampp\\htdocs...', 24)
#1 C:\xampp\htdocs\FAH\system\View\View.php(214): include('C:\\xampp\\htdocs...')
#2 C:\xampp\htdocs\FAH\system\View\View.php(217): CodeIgniter\View\View->CodeIgniter\View\{closure}()
#3 C:\xampp\htdocs\FAH\system\Common.php(1097): CodeIgniter\View\View->render('templates/navba...', Array, true)
#4 C:\xampp\htdocs\FAH\app\Controllers\UserHome.php(769): view('templates/navba...', Array)
#5 C:\xampp\htdocs\FAH\system\CodeIgniter.php(824): App\Controllers\UserHome->vendor_home()
#6 C:\xampp\htdocs\FAH\system\CodeIgniter.php(410): CodeIgniter\CodeIgniter->runController(Object(App\Controllers\UserHome))
#7 C:\xampp\htdocs\FAH\system\CodeIgniter.php(318): CodeIgniter\CodeIgniter->handleRequest(NULL, Object(Config\Cache), false)
#8 C:\xampp\htdocs\FAH\index.php(37): CodeIgniter\CodeIgniter->run()
#9 {main}
CRITICAL - 2022-05-10 05:20:17 --> Undefined array key "page"
#0 C:\xampp\htdocs\FAH\app\Views\templates\navbar.php(24): CodeIgniter\Debug\Exceptions->errorHandler(2, 'Undefined array...', 'C:\\xampp\\htdocs...', 24)
#1 C:\xampp\htdocs\FAH\system\View\View.php(214): include('C:\\xampp\\htdocs...')
#2 C:\xampp\htdocs\FAH\system\View\View.php(217): CodeIgniter\View\View->CodeIgniter\View\{closure}()
#3 C:\xampp\htdocs\FAH\system\Common.php(1097): CodeIgniter\View\View->render('templates/navba...', Array, true)
#4 C:\xampp\htdocs\FAH\app\Controllers\UserHome.php(769): view('templates/navba...', Array)
#5 C:\xampp\htdocs\FAH\system\CodeIgniter.php(824): App\Controllers\UserHome->vendor_home()
#6 C:\xampp\htdocs\FAH\system\CodeIgniter.php(410): CodeIgniter\CodeIgniter->runController(Object(App\Controllers\UserHome))
#7 C:\xampp\htdocs\FAH\system\CodeIgniter.php(318): CodeIgniter\CodeIgniter->handleRequest(NULL, Object(Config\Cache), false)
#8 C:\xampp\htdocs\FAH\index.php(37): CodeIgniter\CodeIgniter->run()
#9 {main}
