CRITICAL - 2022-05-14 00:08:02 --> A non-numeric value encountered
#0 C:\xampp\htdocs\FAH\app\Models\ResetTokenModel.php(34): CodeIgniter\Debug\Exceptions->errorHandler(2, 'A non-numeric v...', 'C:\\xampp\\htdocs...', 34)
#1 C:\xampp\htdocs\FAH\app\Controllers\Admin.php(140): App\Models\ResetTokenModel->saveToken('yvN2q6uSVFbgHoY...', '61')
#2 C:\xampp\htdocs\FAH\system\CodeIgniter.php(824): App\Controllers\Admin->reset_password_via_admin()
#3 C:\xampp\htdocs\FAH\system\CodeIgniter.php(410): CodeIgniter\CodeIgniter->runController(Object(App\Controllers\Admin))
#4 C:\xampp\htdocs\FAH\system\CodeIgniter.php(318): CodeIgniter\CodeIgniter->handleRequest(NULL, Object(Config\Cache), false)
#5 C:\xampp\htdocs\FAH\index.php(37): CodeIgniter\CodeIgniter->run()
#6 {main}
CRITICAL - 2022-05-14 00:08:41 --> Namespace declaration statement has to be the very first statement or after any declare call in the script
#0 [internal function]: CodeIgniter\Debug\Exceptions->shutdownHandler()
#1 {main}
CRITICAL - 2022-05-14 00:08:59 --> Undefined constant "App\Models\UID"
#0 C:\xampp\htdocs\FAH\app\Controllers\Admin.php(140): App\Models\ResetTokenModel->saveToken('elXKEtr6YmfjSqC...', '61')
#1 C:\xampp\htdocs\FAH\system\CodeIgniter.php(824): App\Controllers\Admin->reset_password_via_admin()
#2 C:\xampp\htdocs\FAH\system\CodeIgniter.php(410): CodeIgniter\CodeIgniter->runController(Object(App\Controllers\Admin))
#3 C:\xampp\htdocs\FAH\system\CodeIgniter.php(318): CodeIgniter\CodeIgniter->handleRequest(NULL, Object(Config\Cache), false)
#4 C:\xampp\htdocs\FAH\index.php(37): CodeIgniter\CodeIgniter->run()
#5 {main}
CRITICAL - 2022-05-14 00:09:10 --> A non-numeric value encountered
#0 C:\xampp\htdocs\FAH\app\Models\ResetTokenModel.php(34): CodeIgniter\Debug\Exceptions->errorHandler(2, 'A non-numeric v...', 'C:\\xampp\\htdocs...', 34)
#1 C:\xampp\htdocs\FAH\app\Controllers\Admin.php(140): App\Models\ResetTokenModel->saveToken('NKdRf3Jjb2sLGH4...', '61')
#2 C:\xampp\htdocs\FAH\system\CodeIgniter.php(824): App\Controllers\Admin->reset_password_via_admin()
#3 C:\xampp\htdocs\FAH\system\CodeIgniter.php(410): CodeIgniter\CodeIgniter->runController(Object(App\Controllers\Admin))
#4 C:\xampp\htdocs\FAH\system\CodeIgniter.php(318): CodeIgniter\CodeIgniter->handleRequest(NULL, Object(Config\Cache), false)
#5 C:\xampp\htdocs\FAH\index.php(37): CodeIgniter\CodeIgniter->run()
#6 {main}
CRITICAL - 2022-05-14 00:10:03 --> Undefined variable $uid
#0 C:\xampp\htdocs\FAH\app\Models\ResetTokenModel.php(35): CodeIgniter\Debug\Exceptions->errorHandler(2, 'Undefined varia...', 'C:\\xampp\\htdocs...', 35)
#1 C:\xampp\htdocs\FAH\app\Controllers\Admin.php(140): App\Models\ResetTokenModel->saveToken('dKOplY8fL3cHjyN...', '61')
#2 C:\xampp\htdocs\FAH\system\CodeIgniter.php(824): App\Controllers\Admin->reset_password_via_admin()
#3 C:\xampp\htdocs\FAH\system\CodeIgniter.php(410): CodeIgniter\CodeIgniter->runController(Object(App\Controllers\Admin))
#4 C:\xampp\htdocs\FAH\system\CodeIgniter.php(318): CodeIgniter\CodeIgniter->handleRequest(NULL, Object(Config\Cache), false)
#5 C:\xampp\htdocs\FAH\index.php(37): CodeIgniter\CodeIgniter->run()
#6 {main}
CRITICAL - 2022-05-14 00:10:35 --> A non-numeric value encountered
#0 C:\xampp\htdocs\FAH\app\Models\ResetTokenModel.php(35): CodeIgniter\Debug\Exceptions->errorHandler(2, 'A non-numeric v...', 'C:\\xampp\\htdocs...', 35)
#1 C:\xampp\htdocs\FAH\app\Controllers\Admin.php(140): App\Models\ResetTokenModel->saveToken('PpKMqVyn9djrGi2...', '61')
#2 C:\xampp\htdocs\FAH\system\CodeIgniter.php(824): App\Controllers\Admin->reset_password_via_admin()
#3 C:\xampp\htdocs\FAH\system\CodeIgniter.php(410): CodeIgniter\CodeIgniter->runController(Object(App\Controllers\Admin))
#4 C:\xampp\htdocs\FAH\system\CodeIgniter.php(318): CodeIgniter\CodeIgniter->handleRequest(NULL, Object(Config\Cache), false)
#5 C:\xampp\htdocs\FAH\index.php(37): CodeIgniter\CodeIgniter->run()
#6 {main}
CRITICAL - 2022-05-14 00:10:54 --> A non-numeric value encountered
#0 C:\xampp\htdocs\FAH\app\Models\ResetTokenModel.php(35): CodeIgniter\Debug\Exceptions->errorHandler(2, 'A non-numeric v...', 'C:\\xampp\\htdocs...', 35)
#1 C:\xampp\htdocs\FAH\app\Controllers\Admin.php(140): App\Models\ResetTokenModel->saveToken('DrGUiCYF7KRP3cd...', '61')
#2 C:\xampp\htdocs\FAH\system\CodeIgniter.php(824): App\Controllers\Admin->reset_password_via_admin()
#3 C:\xampp\htdocs\FAH\system\CodeIgniter.php(410): CodeIgniter\CodeIgniter->runController(Object(App\Controllers\Admin))
#4 C:\xampp\htdocs\FAH\system\CodeIgniter.php(318): CodeIgniter\CodeIgniter->handleRequest(NULL, Object(Config\Cache), false)
#5 C:\xampp\htdocs\FAH\index.php(37): CodeIgniter\CodeIgniter->run()
#6 {main}
CRITICAL - 2022-05-14 00:12:45 --> A non-numeric value encountered
#0 C:\xampp\htdocs\FAH\app\Models\ResetTokenModel.php(31): CodeIgniter\Debug\Exceptions->errorHandler(2, 'A non-numeric v...', 'C:\\xampp\\htdocs...', 31)
#1 C:\xampp\htdocs\FAH\app\Controllers\Admin.php(140): App\Models\ResetTokenModel->saveToken('T4FSuk1Y2xC97MK...', '61')
#2 C:\xampp\htdocs\FAH\system\CodeIgniter.php(824): App\Controllers\Admin->reset_password_via_admin()
#3 C:\xampp\htdocs\FAH\system\CodeIgniter.php(410): CodeIgniter\CodeIgniter->runController(Object(App\Controllers\Admin))
#4 C:\xampp\htdocs\FAH\system\CodeIgniter.php(318): CodeIgniter\CodeIgniter->handleRequest(NULL, Object(Config\Cache), false)
#5 C:\xampp\htdocs\FAH\index.php(37): CodeIgniter\CodeIgniter->run()
#6 {main}
CRITICAL - 2022-05-14 00:16:28 --> Undefined array key 0
#0 C:\xampp\htdocs\FAH\app\Models\ResetTokenModel.php(21): CodeIgniter\Debug\Exceptions->errorHandler(2, 'Undefined array...', 'C:\\xampp\\htdocs...', 21)
#1 C:\xampp\htdocs\FAH\app\Controllers\UserHome.php(95): App\Models\ResetTokenModel->removeToken('61', 'J6aW1sxEKLkDZUz...')
#2 C:\xampp\htdocs\FAH\system\CodeIgniter.php(824): App\Controllers\UserHome->change_pwd('61', 'J6aW1sxEKLkDZUz...')
#3 C:\xampp\htdocs\FAH\system\CodeIgniter.php(410): CodeIgniter\CodeIgniter->runController(Object(App\Controllers\UserHome))
#4 C:\xampp\htdocs\FAH\system\CodeIgniter.php(318): CodeIgniter\CodeIgniter->handleRequest(NULL, Object(Config\Cache), false)
#5 C:\xampp\htdocs\FAH\index.php(37): CodeIgniter\CodeIgniter->run()
#6 {main}
CRITICAL - 2022-05-14 00:25:12 --> Call to undefined method CodeIgniter\Database\MySQLi\Connection::select()
#0 C:\xampp\htdocs\FAH\app\Controllers\Admin.php(140): App\Models\ResetTokenModel->saveToken('HZ5mcO2XINp0K8U...', '61')
#1 C:\xampp\htdocs\FAH\system\CodeIgniter.php(824): App\Controllers\Admin->reset_password_via_admin()
#2 C:\xampp\htdocs\FAH\system\CodeIgniter.php(410): CodeIgniter\CodeIgniter->runController(Object(App\Controllers\Admin))
#3 C:\xampp\htdocs\FAH\system\CodeIgniter.php(318): CodeIgniter\CodeIgniter->handleRequest(NULL, Object(Config\Cache), false)
#4 C:\xampp\htdocs\FAH\index.php(37): CodeIgniter\CodeIgniter->run()
#5 {main}
CRITICAL - 2022-05-14 00:25:39 --> Call to undefined method CodeIgniter\Database\MySQLi\Connection::select()
#0 C:\xampp\htdocs\FAH\app\Controllers\Admin.php(140): App\Models\ResetTokenModel->saveToken('QW5KFXT6vOD3apw...', '61')
#1 C:\xampp\htdocs\FAH\system\CodeIgniter.php(824): App\Controllers\Admin->reset_password_via_admin()
#2 C:\xampp\htdocs\FAH\system\CodeIgniter.php(410): CodeIgniter\CodeIgniter->runController(Object(App\Controllers\Admin))
#3 C:\xampp\htdocs\FAH\system\CodeIgniter.php(318): CodeIgniter\CodeIgniter->handleRequest(NULL, Object(Config\Cache), false)
#4 C:\xampp\htdocs\FAH\index.php(37): CodeIgniter\CodeIgniter->run()
#5 {main}
CRITICAL - 2022-05-14 00:26:02 --> Undefined variable $uid
#0 C:\xampp\htdocs\FAH\app\Models\ResetTokenModel.php(42): CodeIgniter\Debug\Exceptions->errorHandler(2, 'Undefined varia...', 'C:\\xampp\\htdocs...', 42)
#1 C:\xampp\htdocs\FAH\app\Controllers\Admin.php(140): App\Models\ResetTokenModel->saveToken('UHq8tw34TodK2sc...', '61')
#2 C:\xampp\htdocs\FAH\system\CodeIgniter.php(824): App\Controllers\Admin->reset_password_via_admin()
#3 C:\xampp\htdocs\FAH\system\CodeIgniter.php(410): CodeIgniter\CodeIgniter->runController(Object(App\Controllers\Admin))
#4 C:\xampp\htdocs\FAH\system\CodeIgniter.php(318): CodeIgniter\CodeIgniter->handleRequest(NULL, Object(Config\Cache), false)
#5 C:\xampp\htdocs\FAH\index.php(37): CodeIgniter\CodeIgniter->run()
#6 {main}
CRITICAL - 2022-05-14 00:26:10 --> Undefined property: CodeIgniter\Database\MySQLi\Builder::$get
#0 C:\xampp\htdocs\FAH\app\Models\ResetTokenModel.php(42): CodeIgniter\Debug\Exceptions->errorHandler(2, 'Undefined prope...', 'C:\\xampp\\htdocs...', 42)
#1 C:\xampp\htdocs\FAH\app\Controllers\Admin.php(140): App\Models\ResetTokenModel->saveToken('pQSXKB8z1aJMvUA...', '61')
#2 C:\xampp\htdocs\FAH\system\CodeIgniter.php(824): App\Controllers\Admin->reset_password_via_admin()
#3 C:\xampp\htdocs\FAH\system\CodeIgniter.php(410): CodeIgniter\CodeIgniter->runController(Object(App\Controllers\Admin))
#4 C:\xampp\htdocs\FAH\system\CodeIgniter.php(318): CodeIgniter\CodeIgniter->handleRequest(NULL, Object(Config\Cache), false)
#5 C:\xampp\htdocs\FAH\index.php(37): CodeIgniter\CodeIgniter->run()
#6 {main}
CRITICAL - 2022-05-14 00:26:16 --> Undefined constant "App\Models\result"
#0 C:\xampp\htdocs\FAH\app\Controllers\Admin.php(140): App\Models\ResetTokenModel->saveToken('r1yaVUMwBkKgiNn...', '61')
#1 C:\xampp\htdocs\FAH\system\CodeIgniter.php(824): App\Controllers\Admin->reset_password_via_admin()
#2 C:\xampp\htdocs\FAH\system\CodeIgniter.php(410): CodeIgniter\CodeIgniter->runController(Object(App\Controllers\Admin))
#3 C:\xampp\htdocs\FAH\system\CodeIgniter.php(318): CodeIgniter\CodeIgniter->handleRequest(NULL, Object(Config\Cache), false)
#4 C:\xampp\htdocs\FAH\index.php(37): CodeIgniter\CodeIgniter->run()
#5 {main}
ERROR - 2022-05-14 00:26:23 --> Email: sendWithSmtp throwed fsockopen(): php_network_getaddresses: getaddrinfo failed: No such host is known. 
CRITICAL - 2022-05-14 00:48:42 --> Undefined variable $data
#0 C:\xampp\htdocs\FAH\app\Views\templates\navbar.php(11): CodeIgniter\Debug\Exceptions->errorHandler(2, 'Undefined varia...', 'C:\\xampp\\htdocs...', 11)
#1 C:\xampp\htdocs\FAH\system\View\View.php(214): include('C:\\xampp\\htdocs...')
#2 C:\xampp\htdocs\FAH\system\View\View.php(217): CodeIgniter\View\View->CodeIgniter\View\{closure}()
#3 C:\xampp\htdocs\FAH\system\Common.php(1097): CodeIgniter\View\View->render('templates/navba...', Array, true)
#4 C:\xampp\htdocs\FAH\app\Views\errors\html\error_404.php(72): view('templates/navba...')
#5 C:\xampp\htdocs\FAH\system\View\View.php(214): include('C:\\xampp\\htdocs...')
#6 C:\xampp\htdocs\FAH\system\View\View.php(217): CodeIgniter\View\View->CodeIgniter\View\{closure}()
#7 C:\xampp\htdocs\FAH\system\Common.php(1097): CodeIgniter\View\View->render('errors/html/err...', Array, true)
#8 C:\xampp\htdocs\FAH\app\Controllers\Admin.php(164): view('errors/html/err...', Array)
#9 C:\xampp\htdocs\FAH\system\CodeIgniter.php(824): App\Controllers\Admin->reset_password_via_admin()
#10 C:\xampp\htdocs\FAH\system\CodeIgniter.php(410): CodeIgniter\CodeIgniter->runController(Object(App\Controllers\Admin))
#11 C:\xampp\htdocs\FAH\system\CodeIgniter.php(318): CodeIgniter\CodeIgniter->handleRequest(NULL, Object(Config\Cache), false)
#12 C:\xampp\htdocs\FAH\index.php(37): CodeIgniter\CodeIgniter->run()
#13 {main}
CRITICAL - 2022-05-14 00:48:51 --> Undefined variable $data
#0 C:\xampp\htdocs\FAH\app\Views\templates\navbar.php(11): CodeIgniter\Debug\Exceptions->errorHandler(2, 'Undefined varia...', 'C:\\xampp\\htdocs...', 11)
#1 C:\xampp\htdocs\FAH\system\View\View.php(214): include('C:\\xampp\\htdocs...')
#2 C:\xampp\htdocs\FAH\system\View\View.php(217): CodeIgniter\View\View->CodeIgniter\View\{closure}()
#3 C:\xampp\htdocs\FAH\system\Common.php(1097): CodeIgniter\View\View->render('templates/navba...', Array, true)
#4 C:\xampp\htdocs\FAH\app\Views\errors\html\error_404.php(72): view('templates/navba...')
#5 C:\xampp\htdocs\FAH\system\View\View.php(214): include('C:\\xampp\\htdocs...')
#6 C:\xampp\htdocs\FAH\system\View\View.php(217): CodeIgniter\View\View->CodeIgniter\View\{closure}()
#7 C:\xampp\htdocs\FAH\system\Common.php(1097): CodeIgniter\View\View->render('errors/html/err...', Array, true)
#8 C:\xampp\htdocs\FAH\app\Controllers\Admin.php(164): view('errors/html/err...', Array)
#9 C:\xampp\htdocs\FAH\system\CodeIgniter.php(824): App\Controllers\Admin->reset_password_via_admin()
#10 C:\xampp\htdocs\FAH\system\CodeIgniter.php(410): CodeIgniter\CodeIgniter->runController(Object(App\Controllers\Admin))
#11 C:\xampp\htdocs\FAH\system\CodeIgniter.php(318): CodeIgniter\CodeIgniter->handleRequest(NULL, Object(Config\Cache), false)
#12 C:\xampp\htdocs\FAH\index.php(37): CodeIgniter\CodeIgniter->run()
#13 {main}
CRITICAL - 2022-05-14 00:49:34 --> Undefined variable $data
#0 C:\xampp\htdocs\FAH\app\Views\templates\navbar.php(11): CodeIgniter\Debug\Exceptions->errorHandler(2, 'Undefined varia...', 'C:\\xampp\\htdocs...', 11)
#1 C:\xampp\htdocs\FAH\system\View\View.php(214): include('C:\\xampp\\htdocs...')
#2 C:\xampp\htdocs\FAH\system\View\View.php(217): CodeIgniter\View\View->CodeIgniter\View\{closure}()
#3 C:\xampp\htdocs\FAH\system\Common.php(1097): CodeIgniter\View\View->render('templates/navba...', Array, true)
#4 C:\xampp\htdocs\FAH\app\Views\errors\html\error_404.php(74): view('templates/navba...', Array)
#5 C:\xampp\htdocs\FAH\system\View\View.php(214): include('C:\\xampp\\htdocs...')
#6 C:\xampp\htdocs\FAH\system\View\View.php(217): CodeIgniter\View\View->CodeIgniter\View\{closure}()
#7 C:\xampp\htdocs\FAH\system\Common.php(1097): CodeIgniter\View\View->render('errors/html/err...', Array, true)
#8 C:\xampp\htdocs\FAH\app\Controllers\Admin.php(164): view('errors/html/err...', Array)
#9 C:\xampp\htdocs\FAH\system\CodeIgniter.php(824): App\Controllers\Admin->reset_password_via_admin()
#10 C:\xampp\htdocs\FAH\system\CodeIgniter.php(410): CodeIgniter\CodeIgniter->runController(Object(App\Controllers\Admin))
#11 C:\xampp\htdocs\FAH\system\CodeIgniter.php(318): CodeIgniter\CodeIgniter->handleRequest(NULL, Object(Config\Cache), false)
#12 C:\xampp\htdocs\FAH\index.php(37): CodeIgniter\CodeIgniter->run()
#13 {main}
CRITICAL - 2022-05-14 00:49:57 --> Undefined variable $data
#0 C:\xampp\htdocs\FAH\app\Views\templates\navbar.php(11): CodeIgniter\Debug\Exceptions->errorHandler(2, 'Undefined varia...', 'C:\\xampp\\htdocs...', 11)
#1 C:\xampp\htdocs\FAH\system\View\View.php(214): include('C:\\xampp\\htdocs...')
#2 C:\xampp\htdocs\FAH\system\View\View.php(217): CodeIgniter\View\View->CodeIgniter\View\{closure}()
#3 C:\xampp\htdocs\FAH\system\Common.php(1097): CodeIgniter\View\View->render('templates/navba...', Array, true)
#4 C:\xampp\htdocs\FAH\app\Views\errors\html\error_404.php(75): view('templates/navba...', Array)
#5 C:\xampp\htdocs\FAH\system\View\View.php(214): include('C:\\xampp\\htdocs...')
#6 C:\xampp\htdocs\FAH\system\View\View.php(217): CodeIgniter\View\View->CodeIgniter\View\{closure}()
#7 C:\xampp\htdocs\FAH\system\Common.php(1097): CodeIgniter\View\View->render('errors/html/err...', Array, true)
#8 C:\xampp\htdocs\FAH\app\Controllers\Admin.php(164): view('errors/html/err...', Array)
#9 C:\xampp\htdocs\FAH\system\CodeIgniter.php(824): App\Controllers\Admin->reset_password_via_admin()
#10 C:\xampp\htdocs\FAH\system\CodeIgniter.php(410): CodeIgniter\CodeIgniter->runController(Object(App\Controllers\Admin))
#11 C:\xampp\htdocs\FAH\system\CodeIgniter.php(318): CodeIgniter\CodeIgniter->handleRequest(NULL, Object(Config\Cache), false)
#12 C:\xampp\htdocs\FAH\index.php(37): CodeIgniter\CodeIgniter->run()
#13 {main}
CRITICAL - 2022-05-14 00:49:58 --> Undefined variable $data
#0 C:\xampp\htdocs\FAH\app\Views\templates\navbar.php(11): CodeIgniter\Debug\Exceptions->errorHandler(2, 'Undefined varia...', 'C:\\xampp\\htdocs...', 11)
#1 C:\xampp\htdocs\FAH\system\View\View.php(214): include('C:\\xampp\\htdocs...')
#2 C:\xampp\htdocs\FAH\system\View\View.php(217): CodeIgniter\View\View->CodeIgniter\View\{closure}()
#3 C:\xampp\htdocs\FAH\system\Common.php(1097): CodeIgniter\View\View->render('templates/navba...', Array, true)
#4 C:\xampp\htdocs\FAH\app\Views\errors\html\error_404.php(75): view('templates/navba...', Array)
#5 C:\xampp\htdocs\FAH\system\View\View.php(214): include('C:\\xampp\\htdocs...')
#6 C:\xampp\htdocs\FAH\system\View\View.php(217): CodeIgniter\View\View->CodeIgniter\View\{closure}()
#7 C:\xampp\htdocs\FAH\system\Common.php(1097): CodeIgniter\View\View->render('errors/html/err...', Array, true)
#8 C:\xampp\htdocs\FAH\app\Controllers\Admin.php(164): view('errors/html/err...', Array)
#9 C:\xampp\htdocs\FAH\system\CodeIgniter.php(824): App\Controllers\Admin->reset_password_via_admin()
#10 C:\xampp\htdocs\FAH\system\CodeIgniter.php(410): CodeIgniter\CodeIgniter->runController(Object(App\Controllers\Admin))
#11 C:\xampp\htdocs\FAH\system\CodeIgniter.php(318): CodeIgniter\CodeIgniter->handleRequest(NULL, Object(Config\Cache), false)
#12 C:\xampp\htdocs\FAH\index.php(37): CodeIgniter\CodeIgniter->run()
#13 {main}
CRITICAL - 2022-05-14 01:07:47 --> Call to undefined function App\Models\utdate()
#0 C:\xampp\htdocs\FAH\app\Controllers\UserHome.php(95): App\Models\ResetTokenModel->removeToken('61', 'ftoa7cVAXjdBxZJ...')
#1 C:\xampp\htdocs\FAH\system\CodeIgniter.php(824): App\Controllers\UserHome->change_pwd('61', 'ftoa7cVAXjdBxZJ...')
#2 C:\xampp\htdocs\FAH\system\CodeIgniter.php(410): CodeIgniter\CodeIgniter->runController(Object(App\Controllers\UserHome))
#3 C:\xampp\htdocs\FAH\system\CodeIgniter.php(318): CodeIgniter\CodeIgniter->handleRequest(NULL, Object(Config\Cache), false)
#4 C:\xampp\htdocs\FAH\index.php(37): CodeIgniter\CodeIgniter->run()
#5 {main}
CRITICAL - 2022-05-14 01:10:20 --> A non-numeric value encountered
#0 C:\xampp\htdocs\FAH\app\Models\ResetTokenModel.php(23): CodeIgniter\Debug\Exceptions->errorHandler(2, 'A non-numeric v...', 'C:\\xampp\\htdocs...', 23)
#1 C:\xampp\htdocs\FAH\app\Controllers\UserHome.php(95): App\Models\ResetTokenModel->removeToken('61', 'ftoa7cVAXjdBxZJ...')
#2 C:\xampp\htdocs\FAH\system\CodeIgniter.php(824): App\Controllers\UserHome->change_pwd('61', 'ftoa7cVAXjdBxZJ...')
#3 C:\xampp\htdocs\FAH\system\CodeIgniter.php(410): CodeIgniter\CodeIgniter->runController(Object(App\Controllers\UserHome))
#4 C:\xampp\htdocs\FAH\system\CodeIgniter.php(318): CodeIgniter\CodeIgniter->handleRequest(NULL, Object(Config\Cache), false)
#5 C:\xampp\htdocs\FAH\index.php(37): CodeIgniter\CodeIgniter->run()
#6 {main}
CRITICAL - 2022-05-14 01:14:08 --> Undefined array key 0
#0 C:\xampp\htdocs\FAH\app\Models\ResetTokenModel.php(21): CodeIgniter\Debug\Exceptions->errorHandler(2, 'Undefined array...', 'C:\\xampp\\htdocs...', 21)
#1 C:\xampp\htdocs\FAH\app\Controllers\UserHome.php(95): App\Models\ResetTokenModel->removeToken('61', 'ftoa7cVAXjdBxZJ...')
#2 C:\xampp\htdocs\FAH\system\CodeIgniter.php(824): App\Controllers\UserHome->change_pwd('61', 'ftoa7cVAXjdBxZJ...')
#3 C:\xampp\htdocs\FAH\system\CodeIgniter.php(410): CodeIgniter\CodeIgniter->runController(Object(App\Controllers\UserHome))
#4 C:\xampp\htdocs\FAH\system\CodeIgniter.php(318): CodeIgniter\CodeIgniter->handleRequest(NULL, Object(Config\Cache), false)
#5 C:\xampp\htdocs\FAH\index.php(37): CodeIgniter\CodeIgniter->run()
#6 {main}
CRITICAL - 2022-05-14 02:10:41 --> Call to undefined method App\Controllers\UserHome::session()
#0 C:\xampp\htdocs\FAH\system\CodeIgniter.php(824): App\Controllers\UserHome->reset_password()
#1 C:\xampp\htdocs\FAH\system\CodeIgniter.php(410): CodeIgniter\CodeIgniter->runController(Object(App\Controllers\UserHome))
#2 C:\xampp\htdocs\FAH\system\CodeIgniter.php(318): CodeIgniter\CodeIgniter->handleRequest(NULL, Object(Config\Cache), false)
#3 C:\xampp\htdocs\FAH\index.php(37): CodeIgniter\CodeIgniter->run()
#4 {main}
CRITICAL - 2022-05-14 06:12:29 --> Undefined property: CodeIgniter\View\View::$session
#0 C:\xampp\htdocs\FAH\app\Views\templates\header.php(42): CodeIgniter\Debug\Exceptions->errorHandler(2, 'Undefined prope...', 'C:\\xampp\\htdocs...', 42)
#1 C:\xampp\htdocs\FAH\system\View\View.php(214): include('C:\\xampp\\htdocs...')
#2 C:\xampp\htdocs\FAH\system\View\View.php(217): CodeIgniter\View\View->CodeIgniter\View\{closure}()
#3 C:\xampp\htdocs\FAH\system\Common.php(1097): CodeIgniter\View\View->render('templates/heade...', Array, true)
#4 C:\xampp\htdocs\FAH\app\Controllers\UserHome.php(83): view('templates/heade...')
#5 C:\xampp\htdocs\FAH\system\CodeIgniter.php(824): App\Controllers\UserHome->user()
#6 C:\xampp\htdocs\FAH\system\CodeIgniter.php(410): CodeIgniter\CodeIgniter->runController(Object(App\Controllers\UserHome))
#7 C:\xampp\htdocs\FAH\system\CodeIgniter.php(318): CodeIgniter\CodeIgniter->handleRequest(NULL, Object(Config\Cache), false)
#8 C:\xampp\htdocs\FAH\index.php(37): CodeIgniter\CodeIgniter->run()
#9 {main}
CRITICAL - 2022-05-14 06:12:51 --> Undefined array key "email"
#0 C:\xampp\htdocs\FAH\app\Views\templates\header.php(42): CodeIgniter\Debug\Exceptions->errorHandler(2, 'Undefined array...', 'C:\\xampp\\htdocs...', 42)
#1 C:\xampp\htdocs\FAH\system\View\View.php(214): include('C:\\xampp\\htdocs...')
#2 C:\xampp\htdocs\FAH\system\View\View.php(217): CodeIgniter\View\View->CodeIgniter\View\{closure}()
#3 C:\xampp\htdocs\FAH\system\Common.php(1097): CodeIgniter\View\View->render('templates/heade...', Array, true)
#4 C:\xampp\htdocs\FAH\app\Controllers\UserHome.php(83): view('templates/heade...')
#5 C:\xampp\htdocs\FAH\system\CodeIgniter.php(824): App\Controllers\UserHome->user()
#6 C:\xampp\htdocs\FAH\system\CodeIgniter.php(410): CodeIgniter\CodeIgniter->runController(Object(App\Controllers\UserHome))
#7 C:\xampp\htdocs\FAH\system\CodeIgniter.php(318): CodeIgniter\CodeIgniter->handleRequest(NULL, Object(Config\Cache), false)
#8 C:\xampp\htdocs\FAH\index.php(37): CodeIgniter\CodeIgniter->run()
#9 {main}
CRITICAL - 2022-05-14 06:13:49 --> Undefined array key "email"
#0 C:\xampp\htdocs\FAH\app\Views\templates\header.php(42): CodeIgniter\Debug\Exceptions->errorHandler(2, 'Undefined array...', 'C:\\xampp\\htdocs...', 42)
#1 C:\xampp\htdocs\FAH\system\View\View.php(214): include('C:\\xampp\\htdocs...')
#2 C:\xampp\htdocs\FAH\system\View\View.php(217): CodeIgniter\View\View->CodeIgniter\View\{closure}()
#3 C:\xampp\htdocs\FAH\system\Common.php(1097): CodeIgniter\View\View->render('templates/heade...', Array, true)
#4 C:\xampp\htdocs\FAH\app\Controllers\UserHome.php(83): view('templates/heade...')
#5 C:\xampp\htdocs\FAH\system\CodeIgniter.php(824): App\Controllers\UserHome->user()
#6 C:\xampp\htdocs\FAH\system\CodeIgniter.php(410): CodeIgniter\CodeIgniter->runController(Object(App\Controllers\UserHome))
#7 C:\xampp\htdocs\FAH\system\CodeIgniter.php(318): CodeIgniter\CodeIgniter->handleRequest(NULL, Object(Config\Cache), false)
#8 C:\xampp\htdocs\FAH\index.php(37): CodeIgniter\CodeIgniter->run()
#9 {main}
CRITICAL - 2022-05-14 06:26:02 --> Trying to access array offset on value of type null
#0 C:\xampp\htdocs\FAH\app\Controllers\UserHome.php(242): CodeIgniter\Debug\Exceptions->errorHandler(2, 'Trying to acces...', 'C:\\xampp\\htdocs...', 242)
#1 C:\xampp\htdocs\FAH\app\Controllers\UserHome.php(718): App\Controllers\UserHome->getRecordById('Price_Books', '3243245234324', '1000.d2013bbd5e...')
#2 C:\xampp\htdocs\FAH\system\CodeIgniter.php(824): App\Controllers\UserHome->vendor_home()
#3 C:\xampp\htdocs\FAH\system\CodeIgniter.php(410): CodeIgniter\CodeIgniter->runController(Object(App\Controllers\UserHome))
#4 C:\xampp\htdocs\FAH\system\CodeIgniter.php(318): CodeIgniter\CodeIgniter->handleRequest(NULL, Object(Config\Cache), false)
#5 C:\xampp\htdocs\FAH\index.php(37): CodeIgniter\CodeIgniter->run()
#6 {main}
CRITICAL - 2022-05-14 06:26:21 --> Trying to access array offset on value of type null
#0 C:\xampp\htdocs\FAH\app\Controllers\UserHome.php(242): CodeIgniter\Debug\Exceptions->errorHandler(2, 'Trying to acces...', 'C:\\xampp\\htdocs...', 242)
#1 C:\xampp\htdocs\FAH\app\Controllers\UserHome.php(718): App\Controllers\UserHome->getRecordById('Price_Books', '3243245234324', '1000.d2013bbd5e...')
#2 C:\xampp\htdocs\FAH\system\CodeIgniter.php(824): App\Controllers\UserHome->vendor_home()
#3 C:\xampp\htdocs\FAH\system\CodeIgniter.php(410): CodeIgniter\CodeIgniter->runController(Object(App\Controllers\UserHome))
#4 C:\xampp\htdocs\FAH\system\CodeIgniter.php(318): CodeIgniter\CodeIgniter->handleRequest(NULL, Object(Config\Cache), false)
#5 C:\xampp\htdocs\FAH\index.php(37): CodeIgniter\CodeIgniter->run()
#6 {main}
CRITICAL - 2022-05-14 06:26:24 --> Trying to access array offset on value of type null
#0 C:\xampp\htdocs\FAH\app\Controllers\UserHome.php(242): CodeIgniter\Debug\Exceptions->errorHandler(2, 'Trying to acces...', 'C:\\xampp\\htdocs...', 242)
#1 C:\xampp\htdocs\FAH\app\Controllers\UserHome.php(718): App\Controllers\UserHome->getRecordById('Price_Books', '3243245234324', '1000.d2013bbd5e...')
#2 C:\xampp\htdocs\FAH\system\CodeIgniter.php(824): App\Controllers\UserHome->vendor_home()
#3 C:\xampp\htdocs\FAH\system\CodeIgniter.php(410): CodeIgniter\CodeIgniter->runController(Object(App\Controllers\UserHome))
#4 C:\xampp\htdocs\FAH\system\CodeIgniter.php(318): CodeIgniter\CodeIgniter->handleRequest(NULL, Object(Config\Cache), false)
#5 C:\xampp\htdocs\FAH\index.php(37): CodeIgniter\CodeIgniter->run()
#6 {main}
