ERROR - 2022-05-09 02:56:47 --> Cannot add or update a child row: a foreign key constraint fails (`fah_portal`.`users`, CONSTRAINT `ID` FOREIGN KEY (`RID`) REFERENCES `role` (`ID`))
ERROR - 2022-05-09 02:58:30 --> Cannot add or update a child row: a foreign key constraint fails (`fah_portal`.`users`, CONSTRAINT `ID` FOREIGN KEY (`RID`) REFERENCES `role` (`ID`))
ERROR - 2022-05-09 02:59:51 --> Cannot add or update a child row: a foreign key constraint fails (`fah_portal`.`users`, CONSTRAINT `ID` FOREIGN KEY (`RID`) REFERENCES `role` (`ID`))
ERROR - 2022-05-09 03:00:22 --> Cannot add or update a child row: a foreign key constraint fails (`fah_portal`.`users`, CONSTRAINT `ID` FOREIGN KEY (`RID`) REFERENCES `role` (`ID`))
ERROR - 2022-05-09 03:01:36 --> Cannot add or update a child row: a foreign key constraint fails (`fah_portal`.`users`, CONSTRAINT `ID` FOREIGN KEY (`RID`) REFERENCES `role` (`ID`))
ERROR - 2022-05-09 03:02:35 --> Cannot add or update a child row: a foreign key constraint fails (`fah_portal`.`users`, CONSTRAINT `ID` FOREIGN KEY (`RID`) REFERENCES `role` (`ID`))
ERROR - 2022-05-09 03:05:29 --> Cannot add or update a child row: a foreign key constraint fails (`fah_portal`.`users`, CONSTRAINT `ID` FOREIGN KEY (`RID`) REFERENCES `role` (`ID`))
ERROR - 2022-05-09 03:05:47 --> Cannot add or update a child row: a foreign key constraint fails (`fah_portal`.`users`, CONSTRAINT `ID` FOREIGN KEY (`RID`) REFERENCES `role` (`ID`))
ERROR - 2022-05-09 03:05:57 --> Cannot add or update a child row: a foreign key constraint fails (`fah_portal`.`users`, CONSTRAINT `ID` FOREIGN KEY (`RID`) REFERENCES `role` (`ID`))
ERROR - 2022-05-09 03:07:23 --> Cannot add or update a child row: a foreign key constraint fails (`fah_portal`.`users`, CONSTRAINT `ID` FOREIGN KEY (`RID`) REFERENCES `role` (`ID`))
ERROR - 2022-05-09 03:07:44 --> Cannot add or update a child row: a foreign key constraint fails (`fah_portal`.`users`, CONSTRAINT `ID` FOREIGN KEY (`RID`) REFERENCES `role` (`ID`))
CRITICAL - 2022-05-09 03:45:35 --> Invalid file: http://localhost/Login/change_pwd/61.php
#0 C:\xampp\htdocs\FAH\system\View\View.php(198): CodeIgniter\Exceptions\FrameworkException::forInvalidFile('http://localhos...')
#1 C:\xampp\htdocs\FAH\system\Common.php(1097): CodeIgniter\View\View->render('http://localhos...', Array, true)
#2 C:\xampp\htdocs\FAH\app\Controllers\Reset.php(44): view('http://localhos...')
#3 C:\xampp\htdocs\FAH\system\CodeIgniter.php(824): App\Controllers\Reset->update_password()
#4 C:\xampp\htdocs\FAH\system\CodeIgniter.php(410): CodeIgniter\CodeIgniter->runController(Object(App\Controllers\Reset))
#5 C:\xampp\htdocs\FAH\system\CodeIgniter.php(318): CodeIgniter\CodeIgniter->handleRequest(NULL, Object(Config\Cache), false)
#6 C:\xampp\htdocs\FAH\index.php(37): CodeIgniter\CodeIgniter->run()
#7 {main}
CRITICAL - 2022-05-09 03:45:51 --> Invalid file: http://localhost/Login/change_pwd/$61.php
#0 C:\xampp\htdocs\FAH\system\View\View.php(198): CodeIgniter\Exceptions\FrameworkException::forInvalidFile('http://localhos...')
#1 C:\xampp\htdocs\FAH\system\Common.php(1097): CodeIgniter\View\View->render('http://localhos...', Array, true)
#2 C:\xampp\htdocs\FAH\app\Controllers\Reset.php(44): view('http://localhos...')
#3 C:\xampp\htdocs\FAH\system\CodeIgniter.php(824): App\Controllers\Reset->update_password()
#4 C:\xampp\htdocs\FAH\system\CodeIgniter.php(410): CodeIgniter\CodeIgniter->runController(Object(App\Controllers\Reset))
#5 C:\xampp\htdocs\FAH\system\CodeIgniter.php(318): CodeIgniter\CodeIgniter->handleRequest(NULL, Object(Config\Cache), false)
#6 C:\xampp\htdocs\FAH\index.php(37): CodeIgniter\CodeIgniter->run()
#7 {main}
CRITICAL - 2022-05-09 03:46:19 --> Invalid file: 61://localhost/Login/change_pwd/%28:num%29.php
#0 C:\xampp\htdocs\FAH\system\View\View.php(198): CodeIgniter\Exceptions\FrameworkException::forInvalidFile('61://localhost/...')
#1 C:\xampp\htdocs\FAH\system\Common.php(1097): CodeIgniter\View\View->render('61://localhost/...', Array, true)
#2 C:\xampp\htdocs\FAH\app\Controllers\Reset.php(44): view('61://localhost/...')
#3 C:\xampp\htdocs\FAH\system\CodeIgniter.php(824): App\Controllers\Reset->update_password()
#4 C:\xampp\htdocs\FAH\system\CodeIgniter.php(410): CodeIgniter\CodeIgniter->runController(Object(App\Controllers\Reset))
#5 C:\xampp\htdocs\FAH\system\CodeIgniter.php(318): CodeIgniter\CodeIgniter->handleRequest(NULL, Object(Config\Cache), false)
#6 C:\xampp\htdocs\FAH\index.php(37): CodeIgniter\CodeIgniter->run()
#7 {main}
CRITICAL - 2022-05-09 03:47:06 --> Invalid file: http://localhost/Login/change_pwd/%27.61.%27
#0 C:\xampp\htdocs\FAH\system\View\View.php(198): CodeIgniter\Exceptions\FrameworkException::forInvalidFile('http://localhos...')
#1 C:\xampp\htdocs\FAH\system\Common.php(1097): CodeIgniter\View\View->render('http://localhos...', Array, true)
#2 C:\xampp\htdocs\FAH\app\Controllers\Reset.php(44): view('http://localhos...')
#3 C:\xampp\htdocs\FAH\system\CodeIgniter.php(824): App\Controllers\Reset->update_password()
#4 C:\xampp\htdocs\FAH\system\CodeIgniter.php(410): CodeIgniter\CodeIgniter->runController(Object(App\Controllers\Reset))
#5 C:\xampp\htdocs\FAH\system\CodeIgniter.php(318): CodeIgniter\CodeIgniter->handleRequest(NULL, Object(Config\Cache), false)
#6 C:\xampp\htdocs\FAH\index.php(37): CodeIgniter\CodeIgniter->run()
#7 {main}
CRITICAL - 2022-05-09 04:18:16 --> Invalid file: http://localhost/Login/change_pwd/%27.61.%27
#0 C:\xampp\htdocs\FAH\system\View\View.php(198): CodeIgniter\Exceptions\FrameworkException::forInvalidFile('http://localhos...')
#1 C:\xampp\htdocs\FAH\system\Common.php(1097): CodeIgniter\View\View->render('http://localhos...', Array, true)
#2 C:\xampp\htdocs\FAH\app\Controllers\Reset.php(44): view('http://localhos...')
#3 C:\xampp\htdocs\FAH\system\CodeIgniter.php(824): App\Controllers\Reset->update_password()
#4 C:\xampp\htdocs\FAH\system\CodeIgniter.php(410): CodeIgniter\CodeIgniter->runController(Object(App\Controllers\Reset))
#5 C:\xampp\htdocs\FAH\system\CodeIgniter.php(318): CodeIgniter\CodeIgniter->handleRequest(NULL, Object(Config\Cache), false)
#6 C:\xampp\htdocs\FAH\index.php(37): CodeIgniter\CodeIgniter->run()
#7 {main}
CRITICAL - 2022-05-09 04:57:29 --> Cannot use object of type stdClass as array
#0 C:\xampp\htdocs\FAH\system\CodeIgniter.php(824): App\Controllers\FahAPI->create('2')
#1 C:\xampp\htdocs\FAH\system\CodeIgniter.php(410): CodeIgniter\CodeIgniter->runController(Object(App\Controllers\FahAPI))
#2 C:\xampp\htdocs\FAH\system\CodeIgniter.php(318): CodeIgniter\CodeIgniter->handleRequest(NULL, Object(Config\Cache), false)
#3 C:\xampp\htdocs\FAH\index.php(37): CodeIgniter\CodeIgniter->run()
#4 {main}
CRITICAL - 2022-05-09 05:09:40 --> Cannot use object of type stdClass as array
#0 C:\xampp\htdocs\FAH\system\CodeIgniter.php(824): App\Controllers\FahAPI->create('2')
#1 C:\xampp\htdocs\FAH\system\CodeIgniter.php(410): CodeIgniter\CodeIgniter->runController(Object(App\Controllers\FahAPI))
#2 C:\xampp\htdocs\FAH\system\CodeIgniter.php(318): CodeIgniter\CodeIgniter->handleRequest(NULL, Object(Config\Cache), false)
#3 C:\xampp\htdocs\FAH\index.php(37): CodeIgniter\CodeIgniter->run()
#4 {main}
ERROR - 2022-05-09 05:15:21 --> Duplicate entry 'vaghasia84@gmail.com' for key 'EMAIL'
ERROR - 2022-05-09 05:15:44 --> Duplicate entry 'vaghasia84@gmail.com' for key 'EMAIL'
ERROR - 2022-05-09 05:25:56 --> Duplicate entry 'vaghasia84@gmail.com' for key 'EMAIL'
ERROR - 2022-05-09 05:26:13 --> Duplicate entry 'vaghasia84@gmail.com' for key 'EMAIL'
ERROR - 2022-05-09 05:26:27 --> Duplicate entry 'vaghasia84@gmail.com' for key 'EMAIL'
ERROR - 2022-05-09 05:26:53 --> Duplicate entry 'vaghasia84@gmail.com' for key 'EMAIL'
CRITICAL - 2022-05-09 05:29:04 --> Too few arguments to function App\Controllers\Login::change_pwd(), 0 passed in C:\xampp\htdocs\FAH\system\CodeIgniter.php on line 824 and exactly 1 expected
#0 C:\xampp\htdocs\FAH\system\CodeIgniter.php(824): App\Controllers\Login->change_pwd()
#1 C:\xampp\htdocs\FAH\system\CodeIgniter.php(410): CodeIgniter\CodeIgniter->runController(Object(App\Controllers\Login))
#2 C:\xampp\htdocs\FAH\system\CodeIgniter.php(318): CodeIgniter\CodeIgniter->handleRequest(NULL, Object(Config\Cache), false)
#3 C:\xampp\htdocs\FAH\index.php(37): CodeIgniter\CodeIgniter->run()
#4 {main}
CRITICAL - 2022-05-09 05:58:07 --> syntax error, unexpected token "<", expecting end of file
#0 C:\xampp\htdocs\FAH\system\View\View.php(217): CodeIgniter\View\View->CodeIgniter\View\{closure}()
#1 C:\xampp\htdocs\FAH\system\Common.php(1097): CodeIgniter\View\View->render('Login/change_pw...', Array, true)
#2 C:\xampp\htdocs\FAH\app\Controllers\Login.php(129): view('Login/change_pw...', Array)
#3 C:\xampp\htdocs\FAH\system\CodeIgniter.php(824): App\Controllers\Login->change_pwd('92')
#4 C:\xampp\htdocs\FAH\system\CodeIgniter.php(410): CodeIgniter\CodeIgniter->runController(Object(App\Controllers\Login))
#5 C:\xampp\htdocs\FAH\system\CodeIgniter.php(318): CodeIgniter\CodeIgniter->handleRequest(NULL, Object(Config\Cache), false)
#6 C:\xampp\htdocs\FAH\index.php(37): CodeIgniter\CodeIgniter->run()
#7 {main}
CRITICAL - 2022-05-09 07:08:15 --> Undefined variable $data
#0 C:\xampp\htdocs\FAH\app\Views\templates\navbar.php(11): CodeIgniter\Debug\Exceptions->errorHandler(2, 'Undefined varia...', 'C:\\xampp\\htdocs...', 11)
#1 C:\xampp\htdocs\FAH\system\View\View.php(214): include('C:\\xampp\\htdocs...')
#2 C:\xampp\htdocs\FAH\system\View\View.php(217): CodeIgniter\View\View->CodeIgniter\View\{closure}()
#3 C:\xampp\htdocs\FAH\system\Common.php(1097): CodeIgniter\View\View->render('templates/navba...', Array, true)
#4 C:\xampp\htdocs\FAH\app\Controllers\Login.php(129): view('templates/navba...')
#5 C:\xampp\htdocs\FAH\system\CodeIgniter.php(824): App\Controllers\Login->change_pwd('92')
#6 C:\xampp\htdocs\FAH\system\CodeIgniter.php(410): CodeIgniter\CodeIgniter->runController(Object(App\Controllers\Login))
#7 C:\xampp\htdocs\FAH\system\CodeIgniter.php(318): CodeIgniter\CodeIgniter->handleRequest(NULL, Object(Config\Cache), false)
#8 C:\xampp\htdocs\FAH\index.php(37): CodeIgniter\CodeIgniter->run()
#9 {main}
CRITICAL - 2022-05-09 07:08:49 --> Undefined variable $data
#0 C:\xampp\htdocs\FAH\app\Controllers\Login.php(130): CodeIgniter\Debug\Exceptions->errorHandler(2, 'Undefined varia...', 'C:\\xampp\\htdocs...', 130)
#1 C:\xampp\htdocs\FAH\system\CodeIgniter.php(824): App\Controllers\Login->change_pwd('92')
#2 C:\xampp\htdocs\FAH\system\CodeIgniter.php(410): CodeIgniter\CodeIgniter->runController(Object(App\Controllers\Login))
#3 C:\xampp\htdocs\FAH\system\CodeIgniter.php(318): CodeIgniter\CodeIgniter->handleRequest(NULL, Object(Config\Cache), false)
#4 C:\xampp\htdocs\FAH\index.php(37): CodeIgniter\CodeIgniter->run()
#5 {main}
CRITICAL - 2022-05-09 07:09:11 --> Undefined variable $data
#0 C:\xampp\htdocs\FAH\app\Views\templates\navbar.php(11): CodeIgniter\Debug\Exceptions->errorHandler(2, 'Undefined varia...', 'C:\\xampp\\htdocs...', 11)
#1 C:\xampp\htdocs\FAH\system\View\View.php(214): include('C:\\xampp\\htdocs...')
#2 C:\xampp\htdocs\FAH\system\View\View.php(217): CodeIgniter\View\View->CodeIgniter\View\{closure}()
#3 C:\xampp\htdocs\FAH\system\Common.php(1097): CodeIgniter\View\View->render('templates/navba...', Array, true)
#4 C:\xampp\htdocs\FAH\app\Controllers\Login.php(130): view('templates/navba...', Array)
#5 C:\xampp\htdocs\FAH\system\CodeIgniter.php(824): App\Controllers\Login->change_pwd('92')
#6 C:\xampp\htdocs\FAH\system\CodeIgniter.php(410): CodeIgniter\CodeIgniter->runController(Object(App\Controllers\Login))
#7 C:\xampp\htdocs\FAH\system\CodeIgniter.php(318): CodeIgniter\CodeIgniter->handleRequest(NULL, Object(Config\Cache), false)
#8 C:\xampp\htdocs\FAH\index.php(37): CodeIgniter\CodeIgniter->run()
#9 {main}
CRITICAL - 2022-05-09 07:09:18 --> syntax error, unexpected token "echo"
#0 C:\xampp\htdocs\FAH\system\Router\Router.php(176): CodeIgniter\Router\Router->autoRoute('Login/change_pw...')
#1 C:\xampp\htdocs\FAH\system\CodeIgniter.php(718): CodeIgniter\Router\Router->handle('Login/change_pw...')
#2 C:\xampp\htdocs\FAH\system\CodeIgniter.php(359): CodeIgniter\CodeIgniter->tryToRouteIt(Object(CodeIgniter\Router\RouteCollection))
#3 C:\xampp\htdocs\FAH\system\CodeIgniter.php(318): CodeIgniter\CodeIgniter->handleRequest(NULL, Object(Config\Cache), false)
#4 C:\xampp\htdocs\FAH\index.php(37): CodeIgniter\CodeIgniter->run()
#5 {main}
CRITICAL - 2022-05-09 07:09:24 --> Undefined variable $data
#0 C:\xampp\htdocs\FAH\app\Views\templates\navbar.php(11): CodeIgniter\Debug\Exceptions->errorHandler(2, 'Undefined varia...', 'C:\\xampp\\htdocs...', 11)
#1 C:\xampp\htdocs\FAH\system\View\View.php(214): include('C:\\xampp\\htdocs...')
#2 C:\xampp\htdocs\FAH\system\View\View.php(217): CodeIgniter\View\View->CodeIgniter\View\{closure}()
#3 C:\xampp\htdocs\FAH\system\Common.php(1097): CodeIgniter\View\View->render('templates/navba...', Array, true)
#4 C:\xampp\htdocs\FAH\app\Controllers\Login.php(130): view('templates/navba...', Array)
#5 C:\xampp\htdocs\FAH\system\CodeIgniter.php(824): App\Controllers\Login->change_pwd('92')
#6 C:\xampp\htdocs\FAH\system\CodeIgniter.php(410): CodeIgniter\CodeIgniter->runController(Object(App\Controllers\Login))
#7 C:\xampp\htdocs\FAH\system\CodeIgniter.php(318): CodeIgniter\CodeIgniter->handleRequest(NULL, Object(Config\Cache), false)
#8 C:\xampp\htdocs\FAH\index.php(37): CodeIgniter\CodeIgniter->run()
#9 {main}
