CRITICAL - 2022-05-13 23:45:25 --> A non-numeric value encountered
#0 C:\xampp\htdocs\FAH\app\Models\ResetTokenModel.php(32): CodeIgniter\Debug\Exceptions->errorHandler(2, 'A non-numeric v...', 'C:\\xampp\\htdocs...', 32)
#1 C:\xampp\htdocs\FAH\app\Controllers\Admin.php(139): App\Models\ResetTokenModel->saveToken('R1qgrV7KTUfSxwn...', '61')
#2 C:\xampp\htdocs\FAH\system\CodeIgniter.php(824): App\Controllers\Admin->reset_password_via_admin()
#3 C:\xampp\htdocs\FAH\system\CodeIgniter.php(410): CodeIgniter\CodeIgniter->runController(Object(App\Controllers\Admin))
#4 C:\xampp\htdocs\FAH\system\CodeIgniter.php(318): CodeIgniter\CodeIgniter->handleRequest(NULL, Object(Config\Cache), false)
#5 C:\xampp\htdocs\FAH\index.php(37): CodeIgniter\CodeIgniter->run()
#6 {main}
CRITICAL - 2022-05-13 23:47:03 --> A non-numeric value encountered
#0 C:\xampp\htdocs\FAH\app\Models\ResetTokenModel.php(32): CodeIgniter\Debug\Exceptions->errorHandler(2, 'A non-numeric v...', 'C:\\xampp\\htdocs...', 32)
#1 C:\xampp\htdocs\FAH\app\Controllers\Admin.php(139): App\Models\ResetTokenModel->saveToken('oET0CnXJYx8jBpi...', '61')
#2 C:\xampp\htdocs\FAH\system\CodeIgniter.php(824): App\Controllers\Admin->reset_password_via_admin()
#3 C:\xampp\htdocs\FAH\system\CodeIgniter.php(410): CodeIgniter\CodeIgniter->runController(Object(App\Controllers\Admin))
#4 C:\xampp\htdocs\FAH\system\CodeIgniter.php(318): CodeIgniter\CodeIgniter->handleRequest(NULL, Object(Config\Cache), false)
#5 C:\xampp\htdocs\FAH\index.php(37): CodeIgniter\CodeIgniter->run()
#6 {main}
CRITICAL - 2022-05-13 23:48:17 --> A non-numeric value encountered
#0 C:\xampp\htdocs\FAH\app\Models\ResetTokenModel.php(32): CodeIgniter\Debug\Exceptions->errorHandler(2, 'A non-numeric v...', 'C:\\xampp\\htdocs...', 32)
#1 C:\xampp\htdocs\FAH\app\Controllers\Admin.php(139): App\Models\ResetTokenModel->saveToken('UE7hLrCgtbxs5YJ...', '61')
#2 C:\xampp\htdocs\FAH\system\CodeIgniter.php(824): App\Controllers\Admin->reset_password_via_admin()
#3 C:\xampp\htdocs\FAH\system\CodeIgniter.php(410): CodeIgniter\CodeIgniter->runController(Object(App\Controllers\Admin))
#4 C:\xampp\htdocs\FAH\system\CodeIgniter.php(318): CodeIgniter\CodeIgniter->handleRequest(NULL, Object(Config\Cache), false)
#5 C:\xampp\htdocs\FAH\index.php(37): CodeIgniter\CodeIgniter->run()
#6 {main}
