CRITICAL - 2022-05-16 00:20:01 --> Call to a member function getValue() on null
#0 C:\xampp\htdocs\FAH\system\CodeIgniter.php(824): App\Controllers\FahAPI->view('61')
#1 C:\xampp\htdocs\FAH\system\CodeIgniter.php(410): CodeIgniter\CodeIgniter->runController(Object(App\Controllers\FahAPI))
#2 C:\xampp\htdocs\FAH\system\CodeIgniter.php(318): CodeIgniter\CodeIgniter->handleRequest(NULL, Object(Config\Cache), false)
#3 C:\xampp\htdocs\FAH\index.php(37): CodeIgniter\CodeIgniter->run()
#4 {main}
CRITICAL - 2022-05-16 00:23:20 --> Undefined variable $data
#0 C:\xampp\htdocs\FAH\app\Controllers\FahAPI.php(120): CodeIgniter\Debug\Exceptions->errorHandler(2, 'Undefined varia...', 'C:\\xampp\\htdocs...', 120)
#1 C:\xampp\htdocs\FAH\system\CodeIgniter.php(824): App\Controllers\FahAPI->view('61')
#2 C:\xampp\htdocs\FAH\system\CodeIgniter.php(410): CodeIgniter\CodeIgniter->runController(Object(App\Controllers\FahAPI))
#3 C:\xampp\htdocs\FAH\system\CodeIgniter.php(318): CodeIgniter\CodeIgniter->handleRequest(NULL, Object(Config\Cache), false)
#4 C:\xampp\htdocs\FAH\index.php(37): CodeIgniter\CodeIgniter->run()
#5 {main}
CRITICAL - 2022-05-16 00:30:51 --> Undefined property: App\Controllers\Reset::$session
#0 C:\xampp\htdocs\FAH\app\Controllers\Reset.php(57): CodeIgniter\Debug\Exceptions->errorHandler(2, 'Undefined prope...', 'C:\\xampp\\htdocs...', 57)
#1 C:\xampp\htdocs\FAH\system\CodeIgniter.php(824): App\Controllers\Reset->user_home()
#2 C:\xampp\htdocs\FAH\system\CodeIgniter.php(410): CodeIgniter\CodeIgniter->runController(Object(App\Controllers\Reset))
#3 C:\xampp\htdocs\FAH\system\CodeIgniter.php(318): CodeIgniter\CodeIgniter->handleRequest(NULL, Object(Config\Cache), false)
#4 C:\xampp\htdocs\FAH\index.php(37): CodeIgniter\CodeIgniter->run()
#5 {main}
CRITICAL - 2022-05-16 00:35:50 --> Class "App\Controllers\ResetTokenModel" not found
#0 C:\xampp\htdocs\FAH\system\CodeIgniter.php(802): App\Controllers\BaseController->initController(Object(CodeIgniter\HTTP\IncomingRequest), Object(CodeIgniter\HTTP\Response), Object(CodeIgniter\Log\Logger))
#1 C:\xampp\htdocs\FAH\system\CodeIgniter.php(401): CodeIgniter\CodeIgniter->createController()
#2 C:\xampp\htdocs\FAH\system\CodeIgniter.php(318): CodeIgniter\CodeIgniter->handleRequest(NULL, Object(Config\Cache), false)
#3 C:\xampp\htdocs\FAH\index.php(37): CodeIgniter\CodeIgniter->run()
#4 {main}
CRITICAL - 2022-05-16 00:39:43 --> Class "BaseController" not found
#0 C:\xampp\htdocs\FAH\system\Router\Router.php(519): include_once()
#1 C:\xampp\htdocs\FAH\system\Router\Router.php(176): CodeIgniter\Router\Router->autoRoute('Admin/index')
#2 C:\xampp\htdocs\FAH\system\CodeIgniter.php(718): CodeIgniter\Router\Router->handle('Admin/index')
#3 C:\xampp\htdocs\FAH\system\CodeIgniter.php(359): CodeIgniter\CodeIgniter->tryToRouteIt(Object(CodeIgniter\Router\RouteCollection))
#4 C:\xampp\htdocs\FAH\system\CodeIgniter.php(318): CodeIgniter\CodeIgniter->handleRequest(NULL, Object(Config\Cache), false)
#5 C:\xampp\htdocs\FAH\index.php(37): CodeIgniter\CodeIgniter->run()
#6 {main}
CRITICAL - 2022-05-16 00:39:58 --> Class "App\Controllers\ResourceController" not found
#0 C:\xampp\htdocs\FAH\system\CodeIgniter.php(801): App\Controllers\Admin->__construct()
#1 C:\xampp\htdocs\FAH\system\CodeIgniter.php(401): CodeIgniter\CodeIgniter->createController()
#2 C:\xampp\htdocs\FAH\system\CodeIgniter.php(318): CodeIgniter\CodeIgniter->handleRequest(NULL, Object(Config\Cache), false)
#3 C:\xampp\htdocs\FAH\index.php(37): CodeIgniter\CodeIgniter->run()
#4 {main}
CRITICAL - 2022-05-16 00:40:19 --> Class "App\Controllers\ResourceController" not found
#0 C:\xampp\htdocs\FAH\system\CodeIgniter.php(801): App\Controllers\Admin->__construct()
#1 C:\xampp\htdocs\FAH\system\CodeIgniter.php(401): CodeIgniter\CodeIgniter->createController()
#2 C:\xampp\htdocs\FAH\system\CodeIgniter.php(318): CodeIgniter\CodeIgniter->handleRequest(NULL, Object(Config\Cache), false)
#3 C:\xampp\htdocs\FAH\index.php(37): CodeIgniter\CodeIgniter->run()
#4 {main}
CRITICAL - 2022-05-16 00:40:59 --> Class "BaseController" not found
#0 C:\xampp\htdocs\FAH\system\Router\Router.php(519): include_once()
#1 C:\xampp\htdocs\FAH\system\Router\Router.php(176): CodeIgniter\Router\Router->autoRoute('Admin/index')
#2 C:\xampp\htdocs\FAH\system\CodeIgniter.php(718): CodeIgniter\Router\Router->handle('Admin/index')
#3 C:\xampp\htdocs\FAH\system\CodeIgniter.php(359): CodeIgniter\CodeIgniter->tryToRouteIt(Object(CodeIgniter\Router\RouteCollection))
#4 C:\xampp\htdocs\FAH\system\CodeIgniter.php(318): CodeIgniter\CodeIgniter->handleRequest(NULL, Object(Config\Cache), false)
#5 C:\xampp\htdocs\FAH\index.php(37): CodeIgniter\CodeIgniter->run()
#6 {main}
CRITICAL - 2022-05-16 00:41:14 --> Class "BaseController" not found
#0 C:\xampp\htdocs\FAH\system\Router\Router.php(519): include_once()
#1 C:\xampp\htdocs\FAH\system\Router\Router.php(176): CodeIgniter\Router\Router->autoRoute('Admin/index')
#2 C:\xampp\htdocs\FAH\system\CodeIgniter.php(718): CodeIgniter\Router\Router->handle('Admin/index')
#3 C:\xampp\htdocs\FAH\system\CodeIgniter.php(359): CodeIgniter\CodeIgniter->tryToRouteIt(Object(CodeIgniter\Router\RouteCollection))
#4 C:\xampp\htdocs\FAH\system\CodeIgniter.php(318): CodeIgniter\CodeIgniter->handleRequest(NULL, Object(Config\Cache), false)
#5 C:\xampp\htdocs\FAH\index.php(37): CodeIgniter\CodeIgniter->run()
#6 {main}
CRITICAL - 2022-05-16 00:45:30 --> Class "App\Controllers\Controller" not found
#0 C:\xampp\htdocs\FAH\system\Router\Router.php(519): include_once()
#1 C:\xampp\htdocs\FAH\system\Router\Router.php(176): CodeIgniter\Router\Router->autoRoute('UserHome/logout')
#2 C:\xampp\htdocs\FAH\system\CodeIgniter.php(718): CodeIgniter\Router\Router->handle('UserHome/logout')
#3 C:\xampp\htdocs\FAH\system\CodeIgniter.php(359): CodeIgniter\CodeIgniter->tryToRouteIt(Object(CodeIgniter\Router\RouteCollection))
#4 C:\xampp\htdocs\FAH\system\CodeIgniter.php(318): CodeIgniter\CodeIgniter->handleRequest(NULL, Object(Config\Cache), false)
#5 C:\xampp\htdocs\FAH\index.php(37): CodeIgniter\CodeIgniter->run()
#6 {main}
CRITICAL - 2022-05-16 00:45:41 --> Undefined property: App\Controllers\UserHome::$session
#0 C:\xampp\htdocs\FAH\app\Controllers\UserHome.php(10): CodeIgniter\Debug\Exceptions->errorHandler(2, 'Undefined prope...', 'C:\\xampp\\htdocs...', 10)
#1 C:\xampp\htdocs\FAH\system\CodeIgniter.php(801): App\Controllers\UserHome->__construct()
#2 C:\xampp\htdocs\FAH\system\CodeIgniter.php(401): CodeIgniter\CodeIgniter->createController()
#3 C:\xampp\htdocs\FAH\system\CodeIgniter.php(318): CodeIgniter\CodeIgniter->handleRequest(NULL, Object(Config\Cache), false)
#4 C:\xampp\htdocs\FAH\index.php(37): CodeIgniter\CodeIgniter->run()
#5 {main}
CRITICAL - 2022-05-16 00:45:56 --> Undefined property: App\Controllers\UserHome::$session
#0 C:\xampp\htdocs\FAH\app\Controllers\UserHome.php(10): CodeIgniter\Debug\Exceptions->errorHandler(2, 'Undefined prope...', 'C:\\xampp\\htdocs...', 10)
#1 C:\xampp\htdocs\FAH\system\CodeIgniter.php(801): App\Controllers\UserHome->__construct()
#2 C:\xampp\htdocs\FAH\system\CodeIgniter.php(401): CodeIgniter\CodeIgniter->createController()
#3 C:\xampp\htdocs\FAH\system\CodeIgniter.php(318): CodeIgniter\CodeIgniter->handleRequest(NULL, Object(Config\Cache), false)
#4 C:\xampp\htdocs\FAH\index.php(37): CodeIgniter\CodeIgniter->run()
#5 {main}
CRITICAL - 2022-05-16 00:50:07 --> Undefined property: App\Controllers\UserHome::$session
#0 C:\xampp\htdocs\FAH\app\Controllers\UserHome.php(10): CodeIgniter\Debug\Exceptions->errorHandler(2, 'Undefined prope...', 'C:\\xampp\\htdocs...', 10)
#1 C:\xampp\htdocs\FAH\system\CodeIgniter.php(801): App\Controllers\UserHome->__construct()
#2 C:\xampp\htdocs\FAH\system\CodeIgniter.php(401): CodeIgniter\CodeIgniter->createController()
#3 C:\xampp\htdocs\FAH\system\CodeIgniter.php(318): CodeIgniter\CodeIgniter->handleRequest(NULL, Object(Config\Cache), false)
#4 C:\xampp\htdocs\FAH\index.php(37): CodeIgniter\CodeIgniter->run()
#5 {main}
CRITICAL - 2022-05-16 00:50:09 --> Undefined property: App\Controllers\UserHome::$session
#0 C:\xampp\htdocs\FAH\app\Controllers\UserHome.php(10): CodeIgniter\Debug\Exceptions->errorHandler(2, 'Undefined prope...', 'C:\\xampp\\htdocs...', 10)
#1 C:\xampp\htdocs\FAH\system\CodeIgniter.php(801): App\Controllers\UserHome->__construct()
#2 C:\xampp\htdocs\FAH\system\CodeIgniter.php(401): CodeIgniter\CodeIgniter->createController()
#3 C:\xampp\htdocs\FAH\system\CodeIgniter.php(318): CodeIgniter\CodeIgniter->handleRequest(NULL, Object(Config\Cache), false)
#4 C:\xampp\htdocs\FAH\index.php(37): CodeIgniter\CodeIgniter->run()
#5 {main}
CRITICAL - 2022-05-16 01:17:42 --> Invalid file: Home/login.php
#0 C:\xampp\htdocs\FAH\system\View\View.php(198): CodeIgniter\Exceptions\FrameworkException::forInvalidFile('Home/login.php')
#1 C:\xampp\htdocs\FAH\system\Common.php(1097): CodeIgniter\View\View->render('Home/login', Array, true)
#2 C:\xampp\htdocs\FAH\app\Controllers\Home.php(11): view('Home/login')
#3 C:\xampp\htdocs\FAH\system\CodeIgniter.php(824): App\Controllers\Home->index()
#4 C:\xampp\htdocs\FAH\system\CodeIgniter.php(410): CodeIgniter\CodeIgniter->runController(Object(App\Controllers\Home))
#5 C:\xampp\htdocs\FAH\system\CodeIgniter.php(318): CodeIgniter\CodeIgniter->handleRequest(NULL, Object(Config\Cache), false)
#6 C:\xampp\htdocs\FAH\index.php(37): CodeIgniter\CodeIgniter->run()
#7 {main}
CRITICAL - 2022-05-16 05:19:10 --> syntax error, unexpected token "else"
#0 C:\xampp\htdocs\FAH\system\Router\Router.php(176): CodeIgniter\Router\Router->autoRoute('FAHapi/view/61')
#1 C:\xampp\htdocs\FAH\system\CodeIgniter.php(718): CodeIgniter\Router\Router->handle('FAHapi/view/61')
#2 C:\xampp\htdocs\FAH\system\CodeIgniter.php(359): CodeIgniter\CodeIgniter->tryToRouteIt(Object(CodeIgniter\Router\RouteCollection))
#3 C:\xampp\htdocs\FAH\system\CodeIgniter.php(318): CodeIgniter\CodeIgniter->handleRequest(NULL, Object(Config\Cache), false)
#4 C:\xampp\htdocs\FAH\index.php(37): CodeIgniter\CodeIgniter->run()
#5 {main}
CRITICAL - 2022-05-16 05:20:01 --> Wrong number of segments
#0 C:\xampp\htdocs\FAH\app\Controllers\FahAPI.php(129): Firebase\JWT\JWT::decode('eyJ0eXAiOiJKV1Q...', 'eyJ0eXAiOiJKV1Q...', Array)
#1 C:\xampp\htdocs\FAH\system\CodeIgniter.php(824): App\Controllers\FahAPI->view('61')
#2 C:\xampp\htdocs\FAH\system\CodeIgniter.php(410): CodeIgniter\CodeIgniter->runController(Object(App\Controllers\FahAPI))
#3 C:\xampp\htdocs\FAH\system\CodeIgniter.php(318): CodeIgniter\CodeIgniter->handleRequest(NULL, Object(Config\Cache), false)
#4 C:\xampp\htdocs\FAH\index.php(37): CodeIgniter\CodeIgniter->run()
#5 {main}
CRITICAL - 2022-05-16 05:41:04 --> Undefined variable $decoded
#0 C:\xampp\htdocs\FAH\app\Controllers\FahAPI.php(150): CodeIgniter\Debug\Exceptions->errorHandler(2, 'Undefined varia...', 'C:\\xampp\\htdocs...', 150)
#1 C:\xampp\htdocs\FAH\system\CodeIgniter.php(824): App\Controllers\FahAPI->create('customer')
#2 C:\xampp\htdocs\FAH\system\CodeIgniter.php(410): CodeIgniter\CodeIgniter->runController(Object(App\Controllers\FahAPI))
#3 C:\xampp\htdocs\FAH\system\CodeIgniter.php(318): CodeIgniter\CodeIgniter->handleRequest(NULL, Object(Config\Cache), false)
#4 C:\xampp\htdocs\FAH\index.php(37): CodeIgniter\CodeIgniter->run()
#5 {main}
CRITICAL - 2022-05-16 05:41:34 --> Undefined variable $roleuser
#0 C:\xampp\htdocs\FAH\app\Controllers\FahAPI.php(166): CodeIgniter\Debug\Exceptions->errorHandler(2, 'Undefined varia...', 'C:\\xampp\\htdocs...', 166)
#1 C:\xampp\htdocs\FAH\system\CodeIgniter.php(824): App\Controllers\FahAPI->create('customer')
#2 C:\xampp\htdocs\FAH\system\CodeIgniter.php(410): CodeIgniter\CodeIgniter->runController(Object(App\Controllers\FahAPI))
#3 C:\xampp\htdocs\FAH\system\CodeIgniter.php(318): CodeIgniter\CodeIgniter->handleRequest(NULL, Object(Config\Cache), false)
#4 C:\xampp\htdocs\FAH\index.php(37): CodeIgniter\CodeIgniter->run()
#5 {main}
